2025-10-02 15:55:29,262 - __main__ - INFO - Creating data loaders...
2025-10-02 15:55:29,263 - data.dataloader - INFO - Creating train and validation dataloaders
2025-10-02 15:55:29,263 - data.dataloader - INFO - Found 80 data files
2025-10-02 15:55:29,265 - data.dataloader - INFO - Loaded 4 samples from ./data/params/01105.pkl
2025-10-02 15:55:29,266 - data.dataloader - INFO - Loaded 4 samples from ./data/params/01109.pkl
2025-10-02 15:55:29,267 - data.dataloader - INFO - Loaded 4 samples from ./data/params/01210.pkl
2025-10-02 15:55:29,268 - data.dataloader - INFO - Loaded 4 samples from ./data/params/01276.pkl
2025-10-02 15:55:29,269 - data.dataloader - INFO - Loaded 4 samples from ./data/params/01362.pkl
2025-10-02 15:55:29,271 - data.dataloader - INFO - Loaded 4 samples from ./data/params/01450.pkl
2025-10-02 15:55:29,272 - data.dataloader - INFO - Loaded 4 samples from ./data/params/01480.pkl
2025-10-02 15:55:29,273 - data.dataloader - INFO - Loaded 4 samples from ./data/params/01545.pkl
2025-10-02 15:55:29,274 - data.dataloader - INFO - Loaded 4 samples from ./data/params/01647.pkl
2025-10-02 15:55:29,275 - data.dataloader - INFO - Loaded 4 samples from ./data/params/01649.pkl
2025-10-02 15:55:29,276 - data.dataloader - INFO - Loaded 4 samples from ./data/params/01781.pkl
2025-10-02 15:55:29,277 - data.dataloader - INFO - Loaded 4 samples from ./data/params/01878.pkl
2025-10-02 15:55:29,278 - data.dataloader - INFO - Loaded 4 samples from ./data/params/01889.pkl
2025-10-02 15:55:29,279 - data.dataloader - INFO - Loaded 4 samples from ./data/params/01990.pkl
2025-10-02 15:55:29,281 - data.dataloader - INFO - Loaded 4 samples from ./data/params/02220.pkl
2025-10-02 15:55:29,282 - data.dataloader - INFO - Loaded 4 samples from ./data/params/02245.pkl
2025-10-02 15:55:29,283 - data.dataloader - INFO - Loaded 4 samples from ./data/params/02303.pkl
2025-10-02 15:55:29,284 - data.dataloader - INFO - Loaded 4 samples from ./data/params/02311.pkl
2025-10-02 15:55:29,285 - data.dataloader - INFO - Loaded 4 samples from ./data/params/02389.pkl
2025-10-02 15:55:29,286 - data.dataloader - INFO - Loaded 4 samples from ./data/params/02397.pkl
2025-10-02 15:55:29,287 - data.dataloader - INFO - Loaded 4 samples from ./data/params/02515.pkl
2025-10-02 15:55:29,288 - data.dataloader - INFO - Loaded 4 samples from ./data/params/02707.pkl
2025-10-02 15:55:29,290 - data.dataloader - INFO - Loaded 4 samples from ./data/params/02728.pkl
2025-10-02 15:55:29,291 - data.dataloader - INFO - Loaded 4 samples from ./data/params/02825.pkl
2025-10-02 15:55:29,292 - data.dataloader - INFO - Loaded 4 samples from ./data/params/03325.pkl
2025-10-02 15:55:29,293 - data.dataloader - INFO - Loaded 4 samples from ./data/params/03580.pkl
2025-10-02 15:55:29,294 - data.dataloader - INFO - Loaded 4 samples from ./data/params/03669.pkl
2025-10-02 15:55:29,295 - data.dataloader - INFO - Loaded 4 samples from ./data/params/03701.pkl
2025-10-02 15:55:29,296 - data.dataloader - INFO - Loaded 4 samples from ./data/params/03780.pkl
2025-10-02 15:55:29,297 - data.dataloader - INFO - Loaded 4 samples from ./data/params/03792.pkl
2025-10-02 15:55:29,298 - data.dataloader - INFO - Loaded 4 samples from ./data/params/03852.pkl
2025-10-02 15:55:29,299 - data.dataloader - INFO - Loaded 4 samples from ./data/params/04266.pkl
2025-10-02 15:55:29,300 - data.dataloader - INFO - Loaded 4 samples from ./data/params/04301.pkl
2025-10-02 15:55:29,302 - data.dataloader - INFO - Loaded 4 samples from ./data/params/04327.pkl
2025-10-02 15:55:29,303 - data.dataloader - INFO - Loaded 4 samples from ./data/params/04402.pkl
2025-10-02 15:55:29,304 - data.dataloader - INFO - Loaded 4 samples from ./data/params/04493.pkl
2025-10-02 15:55:29,305 - data.dataloader - INFO - Loaded 4 samples from ./data/params/04670.pkl
2025-10-02 15:55:29,306 - data.dataloader - INFO - Loaded 4 samples from ./data/params/04757.pkl
2025-10-02 15:55:29,307 - data.dataloader - INFO - Loaded 4 samples from ./data/params/04786.pkl
2025-10-02 15:55:29,308 - data.dataloader - INFO - Loaded 4 samples from ./data/params/05075.pkl
2025-10-02 15:55:29,310 - data.dataloader - INFO - Loaded 4 samples from ./data/params/05184.pkl
2025-10-02 15:55:29,311 - data.dataloader - INFO - Loaded 4 samples from ./data/params/05221.pkl
2025-10-02 15:55:29,312 - data.dataloader - INFO - Loaded 4 samples from ./data/params/05295.pkl
2025-10-02 15:55:29,313 - data.dataloader - INFO - Loaded 4 samples from ./data/params/05489.pkl
2025-10-02 15:55:29,315 - data.dataloader - INFO - Loaded 4 samples from ./data/params/05617.pkl
2025-10-02 15:55:29,316 - data.dataloader - INFO - Loaded 4 samples from ./data/params/05630.pkl
2025-10-02 15:55:29,317 - data.dataloader - INFO - Loaded 4 samples from ./data/params/05658.pkl
2025-10-02 15:55:29,318 - data.dataloader - INFO - Loaded 4 samples from ./data/params/05696.pkl
2025-10-02 15:55:29,319 - data.dataloader - INFO - Loaded 4 samples from ./data/params/05701.pkl
2025-10-02 15:55:29,321 - data.dataloader - INFO - Loaded 4 samples from ./data/params/05886.pkl
2025-10-02 15:55:29,322 - data.dataloader - INFO - Loaded 4 samples from ./data/params/06179.pkl
2025-10-02 15:55:29,323 - data.dataloader - INFO - Loaded 4 samples from ./data/params/06204.pkl
2025-10-02 15:55:29,324 - data.dataloader - INFO - Loaded 4 samples from ./data/params/06265.pkl
2025-10-02 15:55:29,325 - data.dataloader - INFO - Loaded 4 samples from ./data/params/06268.pkl
2025-10-02 15:55:29,326 - data.dataloader - INFO - Loaded 4 samples from ./data/params/06401.pkl
2025-10-02 15:55:29,327 - data.dataloader - INFO - Loaded 4 samples from ./data/params/06425.pkl
2025-10-02 15:55:29,329 - data.dataloader - INFO - Loaded 4 samples from ./data/params/06518.pkl
2025-10-02 15:55:29,330 - data.dataloader - INFO - Loaded 4 samples from ./data/params/06566.pkl
2025-10-02 15:55:29,331 - data.dataloader - INFO - Loaded 4 samples from ./data/params/06736.pkl
2025-10-02 15:55:29,332 - data.dataloader - INFO - Loaded 4 samples from ./data/params/06802.pkl
2025-10-02 15:55:29,334 - data.dataloader - INFO - Loaded 4 samples from ./data/params/06949.pkl
2025-10-02 15:55:29,335 - data.dataloader - INFO - Loaded 4 samples from ./data/params/07078.pkl
2025-10-02 15:55:29,336 - data.dataloader - INFO - Loaded 4 samples from ./data/params/07145.pkl
2025-10-02 15:55:29,337 - data.dataloader - INFO - Loaded 4 samples from ./data/params/07342.pkl
2025-10-02 15:55:29,339 - data.dataloader - INFO - Loaded 4 samples from ./data/params/07419.pkl
2025-10-02 15:55:29,340 - data.dataloader - INFO - Loaded 4 samples from ./data/params/07563.pkl
2025-10-02 15:55:29,341 - data.dataloader - INFO - Loaded 4 samples from ./data/params/07894.pkl
2025-10-02 15:55:29,342 - data.dataloader - INFO - Loaded 4 samples from ./data/params/08122.pkl
2025-10-02 15:55:29,344 - data.dataloader - INFO - Loaded 4 samples from ./data/params/08276.pkl
2025-10-02 15:55:29,345 - data.dataloader - INFO - Loaded 4 samples from ./data/params/08448.pkl
2025-10-02 15:55:29,346 - data.dataloader - INFO - Loaded 4 samples from ./data/params/08523.pkl
2025-10-02 15:55:29,348 - data.dataloader - INFO - Loaded 4 samples from ./data/params/08532.pkl
2025-10-02 15:55:29,349 - data.dataloader - INFO - Loaded 4 samples from ./data/params/08671.pkl
2025-10-02 15:55:29,350 - data.dataloader - INFO - Loaded 4 samples from ./data/params/08718.pkl
2025-10-02 15:55:29,351 - data.dataloader - INFO - Loaded 4 samples from ./data/params/08770.pkl
2025-10-02 15:55:29,353 - data.dataloader - INFO - Loaded 4 samples from ./data/params/08865.pkl
2025-10-02 15:55:29,354 - data.dataloader - INFO - Loaded 4 samples from ./data/params/08882.pkl
2025-10-02 15:55:29,355 - data.dataloader - INFO - Loaded 4 samples from ./data/params/08927.pkl
2025-10-02 15:55:29,356 - data.dataloader - INFO - Loaded 4 samples from ./data/params/09068.pkl
2025-10-02 15:55:29,358 - data.dataloader - INFO - Loaded 4 samples from ./data/params/09121.pkl
2025-10-02 15:55:29,358 - data.dataloader - INFO - Total samples: 320
2025-10-02 15:55:29,358 - data.dataloader - INFO - Train samples: 288, Val samples: 32
2025-10-02 15:55:29,592 - data.dataloader - INFO - Saved split data to ./data/temp_split
2025-10-02 15:55:29,592 - data.dataloader - INFO - Creating training dataloader for ./data/temp_split/train_data.pkl
2025-10-02 15:55:29,773 - data.dataloader - INFO - Processed 72 groups from list data (4 elements per group)
2025-10-02 15:55:29,809 - data.dataloader - INFO - Data statistics - Mean: -0.0001, Std: 0.0448, Range: [-0.7502, 0.6851]
2025-10-02 15:55:29,811 - data.dataloader - INFO - Loaded dataset with 72 samples from ./data/temp_split/train_data.pkl
2025-10-02 15:55:29,811 - data.dataloader - INFO - Creating validation dataloader for ./data/temp_split/val_data.pkl
2025-10-02 15:55:29,832 - data.dataloader - INFO - Processed 8 groups from list data (4 elements per group)
2025-10-02 15:55:29,834 - data.dataloader - INFO - Data statistics - Mean: 0.0003, Std: 0.0444, Range: [-0.6148, 0.7837]
2025-10-02 15:55:29,834 - data.dataloader - INFO - Loaded dataset with 8 samples from ./data/temp_split/val_data.pkl
2025-10-02 15:55:29,834 - __main__ - INFO - Creating VAE trainer...
2025-10-02 15:55:32,478 - __main__ - INFO - VAE Trainer initialized
2025-10-02 15:55:32,479 - __main__ - INFO - Starting VAE training...
Using GPU: NVIDIA RTX A6000
Model Summary:
--------------------------------------------------------------------------------
Layer                                                  Params                Shape
--------------------------------------------------------------------------------
encoder.encoder.0.weight                           69,206,016        [1024, 67584]
encoder.encoder.0.bias                                  1,024               [1024]
encoder.encoder.1.weight                                1,024               [1024]
encoder.encoder.1.bias                                  1,024               [1024]
encoder.encoder.4.weight                              524,288          [512, 1024]
encoder.encoder.4.bias                                    512                [512]
encoder.encoder.5.weight                                  512                [512]
encoder.encoder.5.bias                                    512                [512]
encoder.fc_mu.weight                                  131,072           [256, 512]
encoder.fc_mu.bias                                        256                [256]
encoder.fc_var.weight                                 131,072           [256, 512]
encoder.fc_var.bias                                       256                [256]
decoder.decoder.0.weight                              131,072           [512, 256]
decoder.decoder.0.bias                                    512                [512]
decoder.decoder.1.weight                                  512                [512]
decoder.decoder.1.bias                                    512                [512]
decoder.decoder.4.weight                              524,288          [1024, 512]
decoder.decoder.4.bias                                  1,024               [1024]
decoder.decoder.5.weight                                1,024               [1024]
decoder.decoder.5.bias                                  1,024               [1024]
decoder.decoder.8.weight                           69,206,016        [67584, 1024]
decoder.decoder.8.bias                                 67,584              [67584]
--------------------------------------------------------------------------------
Total parameters                                  139,931,136
--------------------------------------------------------------------------------
2025-10-02 15:55:33,047 - __main__ - INFO - Epoch 0: Train Loss = 1.6466 (Recon: 0.0285, KL: 161.8068)
2025-10-02 15:55:33,685 - __main__ - INFO - Epoch 0: Val Loss = 0.0225 (Recon: 0.0159, KL: 0.6524)
2025-10-02 15:56:19,729 - __main__ - INFO - Epoch 1: Train Loss = 1.5338 (Recon: 0.0262, KL: 150.7612)
2025-10-02 15:56:19,858 - __main__ - INFO - Epoch 1: Val Loss = 0.0322 (Recon: 0.0157, KL: 1.6510)
2025-10-02 15:56:20,078 - __main__ - INFO - Epoch 2: Train Loss = 1.3200 (Recon: 0.0256, KL: 129.4403)
2025-10-02 15:56:20,206 - __main__ - INFO - Epoch 2: Val Loss = 0.0431 (Recon: 0.0159, KL: 2.7122)
2025-10-02 15:56:20,421 - __main__ - INFO - Epoch 3: Train Loss = 1.1461 (Recon: 0.0254, KL: 112.0726)
2025-10-02 15:56:20,559 - __main__ - INFO - Epoch 3: Val Loss = 0.0527 (Recon: 0.0162, KL: 3.6508)
2025-10-02 15:56:20,775 - __main__ - INFO - Epoch 4: Train Loss = 1.0139 (Recon: 0.0251, KL: 98.8771)
2025-10-02 15:56:20,912 - __main__ - INFO - Epoch 4: Val Loss = 0.0604 (Recon: 0.0165, KL: 4.3899)
2025-10-02 15:56:21,128 - __main__ - INFO - Epoch 5: Train Loss = 0.9341 (Recon: 0.0246, KL: 90.9458)
2025-10-02 15:56:21,259 - __main__ - INFO - Epoch 5: Val Loss = 0.0667 (Recon: 0.0168, KL: 4.9879)
2025-10-02 15:56:21,469 - __main__ - INFO - Epoch 6: Train Loss = 0.8527 (Recon: 0.0241, KL: 82.8669)
2025-10-02 15:56:21,600 - __main__ - INFO - Epoch 6: Val Loss = 0.0707 (Recon: 0.0165, KL: 5.4162)
2025-10-02 15:56:21,814 - __main__ - INFO - Epoch 7: Train Loss = 0.7884 (Recon: 0.0235, KL: 76.4903)
2025-10-02 15:56:21,948 - __main__ - INFO - Epoch 7: Val Loss = 0.0749 (Recon: 0.0173, KL: 5.7641)
2025-10-02 15:56:22,142 - __main__ - INFO - Epoch 8: Train Loss = 0.7339 (Recon: 0.0232, KL: 71.0653)
2025-10-02 15:56:22,283 - __main__ - INFO - Epoch 8: Val Loss = 0.0771 (Recon: 0.0171, KL: 6.0013)
2025-10-02 15:56:22,492 - __main__ - INFO - Epoch 9: Train Loss = 0.6935 (Recon: 0.0228, KL: 67.0632)
2025-10-02 15:56:22,626 - __main__ - INFO - Epoch 9: Val Loss = 0.0784 (Recon: 0.0171, KL: 6.1318)
2025-10-02 15:56:22,833 - __main__ - INFO - Epoch 10: Train Loss = 0.6460 (Recon: 0.0226, KL: 62.3345)
2025-10-02 15:56:22,965 - __main__ - INFO - Epoch 10: Val Loss = 0.0803 (Recon: 0.0174, KL: 6.2858)
2025-10-02 15:56:38,338 - __main__ - INFO - Epoch 11: Train Loss = 0.6104 (Recon: 0.0222, KL: 58.8260)
2025-10-02 15:56:38,462 - __main__ - INFO - Epoch 11: Val Loss = 0.0818 (Recon: 0.0178, KL: 6.3993)
2025-10-02 15:56:38,675 - __main__ - INFO - Epoch 12: Train Loss = 0.5886 (Recon: 0.0220, KL: 56.6635)
2025-10-02 15:56:38,808 - __main__ - INFO - Epoch 12: Val Loss = 0.0825 (Recon: 0.0179, KL: 6.4601)
2025-10-02 15:56:39,034 - __main__ - INFO - Epoch 13: Train Loss = 0.5622 (Recon: 0.0216, KL: 54.0590)
2025-10-02 15:56:39,163 - __main__ - INFO - Epoch 13: Val Loss = 0.0830 (Recon: 0.0174, KL: 6.5596)
2025-10-02 15:56:39,373 - __main__ - INFO - Epoch 14: Train Loss = 0.5471 (Recon: 0.0215, KL: 52.5689)
2025-10-02 15:56:39,502 - __main__ - INFO - Epoch 14: Val Loss = 0.0843 (Recon: 0.0178, KL: 6.6477)
2025-10-02 15:56:39,716 - __main__ - INFO - Epoch 15: Train Loss = 0.5195 (Recon: 0.0214, KL: 49.8103)
2025-10-02 15:56:39,846 - __main__ - INFO - Epoch 15: Val Loss = 0.0848 (Recon: 0.0177, KL: 6.7165)
2025-10-02 15:56:40,059 - __main__ - INFO - Epoch 16: Train Loss = 0.5013 (Recon: 0.0209, KL: 48.0351)
2025-10-02 15:56:40,189 - __main__ - INFO - Epoch 16: Val Loss = 0.0862 (Recon: 0.0182, KL: 6.8020)
2025-10-02 15:56:40,401 - __main__ - INFO - Epoch 17: Train Loss = 0.4759 (Recon: 0.0207, KL: 45.5202)
2025-10-02 15:56:40,529 - __main__ - INFO - Epoch 17: Val Loss = 0.0865 (Recon: 0.0178, KL: 6.8643)
2025-10-02 15:56:40,731 - __main__ - INFO - Epoch 18: Train Loss = 0.4637 (Recon: 0.0205, KL: 44.3210)
2025-10-02 15:56:40,856 - __main__ - INFO - Epoch 18: Val Loss = 0.0867 (Recon: 0.0177, KL: 6.9016)
2025-10-02 15:56:41,078 - __main__ - INFO - Epoch 19: Train Loss = 0.4645 (Recon: 0.0203, KL: 44.4220)
2025-10-02 15:56:41,219 - __main__ - INFO - Epoch 19: Val Loss = 0.0874 (Recon: 0.0180, KL: 6.9346)
2025-10-02 15:56:41,440 - __main__ - INFO - Epoch 20: Train Loss = 0.4455 (Recon: 0.0202, KL: 42.5378)
2025-10-02 15:56:41,564 - __main__ - INFO - Epoch 20: Val Loss = 0.0871 (Recon: 0.0173, KL: 6.9827)
2025-10-02 15:56:56,703 - __main__ - INFO - Epoch 21: Train Loss = 0.4276 (Recon: 0.0197, KL: 40.7858)
2025-10-02 15:56:56,839 - __main__ - INFO - Epoch 21: Val Loss = 0.0871 (Recon: 0.0172, KL: 6.9871)
2025-10-02 15:56:57,052 - __main__ - INFO - Epoch 22: Train Loss = 0.4141 (Recon: 0.0196, KL: 39.4440)
2025-10-02 15:56:57,210 - __main__ - INFO - Epoch 22: Val Loss = 0.0875 (Recon: 0.0174, KL: 7.0155)
2025-10-02 15:56:57,424 - __main__ - INFO - Epoch 23: Train Loss = 0.4109 (Recon: 0.0196, KL: 39.1238)
2025-10-02 15:56:57,556 - __main__ - INFO - Epoch 23: Val Loss = 0.0879 (Recon: 0.0179, KL: 7.0053)
2025-10-02 15:56:57,771 - __main__ - INFO - Epoch 24: Train Loss = 0.4102 (Recon: 0.0194, KL: 39.0772)
2025-10-02 15:56:57,906 - __main__ - INFO - Epoch 24: Val Loss = 0.0872 (Recon: 0.0175, KL: 6.9663)
2025-10-02 15:56:58,128 - __main__ - INFO - Epoch 25: Train Loss = 0.3973 (Recon: 0.0191, KL: 37.8176)
2025-10-02 15:56:58,261 - __main__ - INFO - Epoch 25: Val Loss = 0.0869 (Recon: 0.0175, KL: 6.9428)
2025-10-02 15:56:58,499 - __main__ - INFO - Epoch 26: Train Loss = 0.3871 (Recon: 0.0190, KL: 36.8074)
2025-10-02 15:56:58,650 - __main__ - INFO - Epoch 26: Val Loss = 0.0861 (Recon: 0.0172, KL: 6.8853)
2025-10-02 15:56:58,900 - __main__ - INFO - Epoch 27: Train Loss = 0.3841 (Recon: 0.0191, KL: 36.4994)
2025-10-02 15:56:59,052 - __main__ - INFO - Epoch 27: Val Loss = 0.0865 (Recon: 0.0175, KL: 6.8953)
2025-10-02 15:56:59,266 - __main__ - INFO - Epoch 28: Train Loss = 0.3725 (Recon: 0.0187, KL: 35.3770)
2025-10-02 15:56:59,401 - __main__ - INFO - Epoch 28: Val Loss = 0.0872 (Recon: 0.0176, KL: 6.9575)
2025-10-02 15:56:59,614 - __main__ - INFO - Epoch 29: Train Loss = 0.3701 (Recon: 0.0187, KL: 35.1349)
2025-10-02 15:56:59,748 - __main__ - INFO - Epoch 29: Val Loss = 0.0865 (Recon: 0.0172, KL: 6.9269)
2025-10-02 15:56:59,968 - __main__ - INFO - Epoch 30: Train Loss = 0.3644 (Recon: 0.0184, KL: 34.5941)
2025-10-02 15:57:00,099 - __main__ - INFO - Epoch 30: Val Loss = 0.0857 (Recon: 0.0169, KL: 6.8784)
2025-10-02 15:57:15,408 - __main__ - INFO - Epoch 31: Train Loss = 0.3563 (Recon: 0.0183, KL: 33.8063)
2025-10-02 15:57:15,607 - __main__ - INFO - Epoch 31: Val Loss = 0.0852 (Recon: 0.0169, KL: 6.8302)
2025-10-02 15:57:15,947 - __main__ - INFO - Epoch 32: Train Loss = 0.3476 (Recon: 0.0182, KL: 32.9411)
2025-10-02 15:57:16,100 - __main__ - INFO - Epoch 32: Val Loss = 0.0853 (Recon: 0.0172, KL: 6.8127)
2025-10-02 15:57:16,337 - __main__ - INFO - Epoch 33: Train Loss = 0.3428 (Recon: 0.0182, KL: 32.4557)
2025-10-02 15:57:16,478 - __main__ - INFO - Epoch 33: Val Loss = 0.0860 (Recon: 0.0171, KL: 6.8920)
2025-10-02 15:57:16,707 - __main__ - INFO - Epoch 34: Train Loss = 0.3426 (Recon: 0.0179, KL: 32.4714)
2025-10-02 15:57:16,851 - __main__ - INFO - Epoch 34: Val Loss = 0.0853 (Recon: 0.0167, KL: 6.8628)
2025-10-02 15:57:17,072 - __main__ - INFO - Epoch 35: Train Loss = 0.3349 (Recon: 0.0180, KL: 31.6937)
2025-10-02 15:57:17,223 - __main__ - INFO - Epoch 35: Val Loss = 0.0847 (Recon: 0.0167, KL: 6.8005)
2025-10-02 15:57:17,441 - __main__ - INFO - Epoch 36: Train Loss = 0.3340 (Recon: 0.0177, KL: 31.6305)
2025-10-02 15:57:17,578 - __main__ - INFO - Epoch 36: Val Loss = 0.0848 (Recon: 0.0166, KL: 6.8190)
2025-10-02 15:57:17,801 - __main__ - INFO - Epoch 37: Train Loss = 0.3279 (Recon: 0.0178, KL: 31.0073)
2025-10-02 15:57:17,933 - __main__ - INFO - Epoch 37: Val Loss = 0.0844 (Recon: 0.0166, KL: 6.7815)
2025-10-02 15:57:18,157 - __main__ - INFO - Epoch 38: Train Loss = 0.3209 (Recon: 0.0176, KL: 30.3291)
2025-10-02 15:57:18,299 - __main__ - INFO - Epoch 38: Val Loss = 0.0841 (Recon: 0.0164, KL: 6.7770)
2025-10-02 15:57:18,515 - __main__ - INFO - Epoch 39: Train Loss = 0.3234 (Recon: 0.0173, KL: 30.6104)
2025-10-02 15:57:18,645 - __main__ - INFO - Epoch 39: Val Loss = 0.0839 (Recon: 0.0165, KL: 6.7427)
2025-10-02 15:57:18,861 - __main__ - INFO - Epoch 40: Train Loss = 0.3191 (Recon: 0.0174, KL: 30.1648)
2025-10-02 15:57:18,996 - __main__ - INFO - Epoch 40: Val Loss = 0.0833 (Recon: 0.0168, KL: 6.6491)
2025-10-02 15:57:34,165 - __main__ - INFO - Epoch 41: Train Loss = 0.3178 (Recon: 0.0174, KL: 30.0420)
2025-10-02 15:57:34,292 - __main__ - INFO - Epoch 41: Val Loss = 0.0827 (Recon: 0.0165, KL: 6.6218)
2025-10-02 15:57:34,510 - __main__ - INFO - Epoch 42: Train Loss = 0.3066 (Recon: 0.0173, KL: 28.9248)
2025-10-02 15:57:34,648 - __main__ - INFO - Epoch 42: Val Loss = 0.0825 (Recon: 0.0166, KL: 6.5870)
2025-10-02 15:57:34,866 - __main__ - INFO - Epoch 43: Train Loss = 0.3057 (Recon: 0.0174, KL: 28.8326)
2025-10-02 15:57:35,005 - __main__ - INFO - Epoch 43: Val Loss = 0.0819 (Recon: 0.0166, KL: 6.5338)
2025-10-02 15:57:35,218 - __main__ - INFO - Epoch 44: Train Loss = 0.2982 (Recon: 0.0173, KL: 28.0924)
2025-10-02 15:57:35,357 - __main__ - INFO - Epoch 44: Val Loss = 0.0821 (Recon: 0.0163, KL: 6.5870)
2025-10-02 15:57:35,584 - __main__ - INFO - Epoch 45: Train Loss = 0.2983 (Recon: 0.0172, KL: 28.1095)
2025-10-02 15:57:35,724 - __main__ - INFO - Epoch 45: Val Loss = 0.0817 (Recon: 0.0165, KL: 6.5215)
2025-10-02 15:57:35,934 - __main__ - INFO - Epoch 46: Train Loss = 0.2897 (Recon: 0.0171, KL: 27.2527)
2025-10-02 15:57:36,071 - __main__ - INFO - Epoch 46: Val Loss = 0.0810 (Recon: 0.0162, KL: 6.4789)
2025-10-02 15:57:36,286 - __main__ - INFO - Epoch 47: Train Loss = 0.2918 (Recon: 0.0170, KL: 27.4745)
2025-10-02 15:57:36,417 - __main__ - INFO - Epoch 47: Val Loss = 0.0812 (Recon: 0.0164, KL: 6.4818)
2025-10-02 15:57:36,635 - __main__ - INFO - Epoch 48: Train Loss = 0.2923 (Recon: 0.0169, KL: 27.5392)
2025-10-02 15:57:36,769 - __main__ - INFO - Epoch 48: Val Loss = 0.0812 (Recon: 0.0162, KL: 6.4962)
2025-10-02 15:57:36,979 - __main__ - INFO - Epoch 49: Train Loss = 0.2872 (Recon: 0.0170, KL: 27.0222)
2025-10-02 15:57:37,118 - __main__ - INFO - Epoch 49: Val Loss = 0.0812 (Recon: 0.0159, KL: 6.5270)
2025-10-02 15:57:37,329 - __main__ - INFO - Epoch 50: Train Loss = 0.2819 (Recon: 0.0168, KL: 26.5157)
2025-10-02 15:57:37,470 - __main__ - INFO - Epoch 50: Val Loss = 0.0814 (Recon: 0.0162, KL: 6.5219)
2025-10-02 15:57:52,625 - __main__ - INFO - Epoch 51: Train Loss = 0.2811 (Recon: 0.0169, KL: 26.4181)
2025-10-02 15:57:52,783 - __main__ - INFO - Epoch 51: Val Loss = 0.0816 (Recon: 0.0165, KL: 6.5191)
2025-10-02 15:57:52,999 - __main__ - INFO - Epoch 52: Train Loss = 0.2792 (Recon: 0.0167, KL: 26.2507)
2025-10-02 15:57:53,135 - __main__ - INFO - Epoch 52: Val Loss = 0.0809 (Recon: 0.0159, KL: 6.4983)
2025-10-02 15:57:53,348 - __main__ - INFO - Epoch 53: Train Loss = 0.2796 (Recon: 0.0165, KL: 26.3144)
2025-10-02 15:57:53,479 - __main__ - INFO - Epoch 53: Val Loss = 0.0805 (Recon: 0.0161, KL: 6.4461)
2025-10-02 15:57:53,701 - __main__ - INFO - Epoch 54: Train Loss = 0.2710 (Recon: 0.0167, KL: 25.4224)
2025-10-02 15:57:53,840 - __main__ - INFO - Epoch 54: Val Loss = 0.0794 (Recon: 0.0156, KL: 6.3812)
2025-10-02 15:57:54,056 - __main__ - INFO - Epoch 55: Train Loss = 0.2735 (Recon: 0.0166, KL: 25.6890)
2025-10-02 15:57:54,185 - __main__ - INFO - Epoch 55: Val Loss = 0.0794 (Recon: 0.0161, KL: 6.3333)
2025-10-02 15:57:54,403 - __main__ - INFO - Epoch 56: Train Loss = 0.2683 (Recon: 0.0166, KL: 25.1726)
2025-10-02 15:57:54,549 - __main__ - INFO - Epoch 56: Val Loss = 0.0792 (Recon: 0.0160, KL: 6.3206)
2025-10-02 15:57:54,782 - __main__ - INFO - Epoch 57: Train Loss = 0.2627 (Recon: 0.0162, KL: 24.6452)
2025-10-02 15:57:54,914 - __main__ - INFO - Epoch 57: Val Loss = 0.0783 (Recon: 0.0157, KL: 6.2640)
2025-10-02 15:57:55,129 - __main__ - INFO - Epoch 58: Train Loss = 0.2609 (Recon: 0.0165, KL: 24.4462)
2025-10-02 15:57:55,260 - __main__ - INFO - Epoch 58: Val Loss = 0.0785 (Recon: 0.0158, KL: 6.2644)
2025-10-02 15:57:55,478 - __main__ - INFO - Epoch 59: Train Loss = 0.2546 (Recon: 0.0166, KL: 23.7998)
2025-10-02 15:57:55,612 - __main__ - INFO - Epoch 59: Val Loss = 0.0780 (Recon: 0.0159, KL: 6.2148)
2025-10-02 15:57:55,829 - __main__ - INFO - Epoch 60: Train Loss = 0.2549 (Recon: 0.0163, KL: 23.8541)
2025-10-02 15:57:55,965 - __main__ - INFO - Epoch 60: Val Loss = 0.0776 (Recon: 0.0157, KL: 6.1942)
2025-10-02 15:58:11,041 - __main__ - INFO - Epoch 61: Train Loss = 0.2564 (Recon: 0.0163, KL: 24.0152)
2025-10-02 15:58:11,166 - __main__ - INFO - Epoch 61: Val Loss = 0.0773 (Recon: 0.0160, KL: 6.1356)
2025-10-02 15:58:11,373 - __main__ - INFO - Epoch 62: Train Loss = 0.2504 (Recon: 0.0163, KL: 23.4105)
2025-10-02 15:58:11,510 - __main__ - INFO - Epoch 62: Val Loss = 0.0764 (Recon: 0.0155, KL: 6.0935)
2025-10-02 15:58:11,723 - __main__ - INFO - Epoch 63: Train Loss = 0.2505 (Recon: 0.0162, KL: 23.4218)
2025-10-02 15:58:11,864 - __main__ - INFO - Epoch 63: Val Loss = 0.0766 (Recon: 0.0157, KL: 6.0920)
2025-10-02 15:58:12,076 - __main__ - INFO - Epoch 64: Train Loss = 0.2512 (Recon: 0.0163, KL: 23.4946)
2025-10-02 15:58:12,207 - __main__ - INFO - Epoch 64: Val Loss = 0.0767 (Recon: 0.0156, KL: 6.1059)
2025-10-02 15:58:12,423 - __main__ - INFO - Epoch 65: Train Loss = 0.2513 (Recon: 0.0161, KL: 23.5144)
2025-10-02 15:58:12,553 - __main__ - INFO - Epoch 65: Val Loss = 0.0765 (Recon: 0.0156, KL: 6.0878)
2025-10-02 15:58:12,773 - __main__ - INFO - Epoch 66: Train Loss = 0.2433 (Recon: 0.0160, KL: 22.7299)
2025-10-02 15:58:12,915 - __main__ - INFO - Epoch 66: Val Loss = 0.0766 (Recon: 0.0155, KL: 6.1063)
2025-10-02 15:58:13,137 - __main__ - INFO - Epoch 67: Train Loss = 0.2423 (Recon: 0.0160, KL: 22.6272)
2025-10-02 15:58:13,278 - __main__ - INFO - Epoch 67: Val Loss = 0.0767 (Recon: 0.0159, KL: 6.0842)
2025-10-02 15:58:13,498 - __main__ - INFO - Epoch 68: Train Loss = 0.2383 (Recon: 0.0160, KL: 22.2294)
2025-10-02 15:58:13,631 - __main__ - INFO - Epoch 68: Val Loss = 0.0765 (Recon: 0.0155, KL: 6.0985)
2025-10-02 15:58:13,851 - __main__ - INFO - Epoch 69: Train Loss = 0.2297 (Recon: 0.0160, KL: 21.3711)
2025-10-02 15:58:13,979 - __main__ - INFO - Epoch 69: Val Loss = 0.0759 (Recon: 0.0155, KL: 6.0452)
2025-10-02 15:58:14,188 - __main__ - INFO - Epoch 70: Train Loss = 0.2390 (Recon: 0.0158, KL: 22.3205)
2025-10-02 15:58:14,331 - __main__ - INFO - Epoch 70: Val Loss = 0.0755 (Recon: 0.0155, KL: 5.9993)
2025-10-02 15:58:29,488 - __main__ - INFO - Epoch 71: Train Loss = 0.2337 (Recon: 0.0159, KL: 21.7795)
2025-10-02 15:58:29,619 - __main__ - INFO - Epoch 71: Val Loss = 0.0751 (Recon: 0.0155, KL: 5.9579)
2025-10-02 15:58:29,831 - __main__ - INFO - Epoch 72: Train Loss = 0.2363 (Recon: 0.0158, KL: 22.0502)
2025-10-02 15:58:29,962 - __main__ - INFO - Epoch 72: Val Loss = 0.0752 (Recon: 0.0154, KL: 5.9827)
2025-10-02 15:58:30,174 - __main__ - INFO - Epoch 73: Train Loss = 0.2313 (Recon: 0.0159, KL: 21.5373)
2025-10-02 15:58:30,305 - __main__ - INFO - Epoch 73: Val Loss = 0.0755 (Recon: 0.0154, KL: 6.0094)
2025-10-02 15:58:30,724 - __main__ - INFO - Epoch 74: Train Loss = 0.2263 (Recon: 0.0157, KL: 21.0593)
2025-10-02 15:58:30,874 - __main__ - INFO - Epoch 74: Val Loss = 0.0756 (Recon: 0.0156, KL: 6.0009)
2025-10-02 15:58:31,097 - __main__ - INFO - Epoch 75: Train Loss = 0.2261 (Recon: 0.0157, KL: 21.0368)
2025-10-02 15:58:31,234 - __main__ - INFO - Epoch 75: Val Loss = 0.0754 (Recon: 0.0155, KL: 5.9876)
2025-10-02 15:58:31,454 - __main__ - INFO - Epoch 76: Train Loss = 0.2225 (Recon: 0.0157, KL: 20.6797)
2025-10-02 15:58:31,588 - __main__ - INFO - Epoch 76: Val Loss = 0.0750 (Recon: 0.0154, KL: 5.9535)
2025-10-02 15:58:31,803 - __main__ - INFO - Epoch 77: Train Loss = 0.2268 (Recon: 0.0155, KL: 21.1312)
2025-10-02 15:58:31,938 - __main__ - INFO - Epoch 77: Val Loss = 0.0750 (Recon: 0.0156, KL: 5.9356)
2025-10-02 15:58:32,152 - __main__ - INFO - Epoch 78: Train Loss = 0.2223 (Recon: 0.0159, KL: 20.6441)
2025-10-02 15:58:32,290 - __main__ - INFO - Epoch 78: Val Loss = 0.0739 (Recon: 0.0153, KL: 5.8523)
2025-10-02 15:58:32,508 - __main__ - INFO - Epoch 79: Train Loss = 0.2188 (Recon: 0.0156, KL: 20.3193)
2025-10-02 15:58:32,635 - __main__ - INFO - Epoch 79: Val Loss = 0.0730 (Recon: 0.0152, KL: 5.7791)
2025-10-02 15:58:32,844 - __main__ - INFO - Epoch 80: Train Loss = 0.2242 (Recon: 0.0155, KL: 20.8665)
2025-10-02 15:58:32,972 - __main__ - INFO - Epoch 80: Val Loss = 0.0725 (Recon: 0.0152, KL: 5.7282)
2025-10-02 15:58:48,117 - __main__ - INFO - Epoch 81: Train Loss = 0.2157 (Recon: 0.0156, KL: 20.0098)
2025-10-02 15:58:48,381 - __main__ - INFO - Epoch 81: Val Loss = 0.0719 (Recon: 0.0150, KL: 5.6904)
2025-10-02 15:58:48,681 - __main__ - INFO - Epoch 82: Train Loss = 0.2149 (Recon: 0.0157, KL: 19.9169)
2025-10-02 15:58:48,890 - __main__ - INFO - Epoch 82: Val Loss = 0.0717 (Recon: 0.0151, KL: 5.6598)
2025-10-02 15:58:49,193 - __main__ - INFO - Epoch 83: Train Loss = 0.2109 (Recon: 0.0157, KL: 19.5181)
2025-10-02 15:58:49,351 - __main__ - INFO - Epoch 83: Val Loss = 0.0717 (Recon: 0.0155, KL: 5.6197)
2025-10-02 15:58:49,645 - __main__ - INFO - Epoch 84: Train Loss = 0.2098 (Recon: 0.0155, KL: 19.4317)
2025-10-02 15:58:49,860 - __main__ - INFO - Epoch 84: Val Loss = 0.0713 (Recon: 0.0153, KL: 5.6015)
2025-10-02 15:58:50,168 - __main__ - INFO - Epoch 85: Train Loss = 0.2140 (Recon: 0.0157, KL: 19.8367)
2025-10-02 15:58:50,393 - __main__ - INFO - Epoch 85: Val Loss = 0.0708 (Recon: 0.0152, KL: 5.5662)
2025-10-02 15:58:50,718 - __main__ - INFO - Epoch 86: Train Loss = 0.2022 (Recon: 0.0153, KL: 18.6941)
2025-10-02 15:58:50,907 - __main__ - INFO - Epoch 86: Val Loss = 0.0710 (Recon: 0.0153, KL: 5.5719)
2025-10-02 15:58:51,128 - __main__ - INFO - Epoch 87: Train Loss = 0.2074 (Recon: 0.0155, KL: 19.1978)
2025-10-02 15:58:51,280 - __main__ - INFO - Epoch 87: Val Loss = 0.0705 (Recon: 0.0150, KL: 5.5532)
2025-10-02 15:58:51,510 - __main__ - INFO - Epoch 88: Train Loss = 0.2088 (Recon: 0.0155, KL: 19.3317)
2025-10-02 15:58:51,663 - __main__ - INFO - Epoch 88: Val Loss = 0.0705 (Recon: 0.0152, KL: 5.5325)
2025-10-02 15:58:51,889 - __main__ - INFO - Epoch 89: Train Loss = 0.2016 (Recon: 0.0154, KL: 18.6139)
2025-10-02 15:58:52,035 - __main__ - INFO - Epoch 89: Val Loss = 0.0701 (Recon: 0.0149, KL: 5.5236)
2025-10-02 15:58:52,243 - __main__ - INFO - Epoch 90: Train Loss = 0.2001 (Recon: 0.0154, KL: 18.4721)
2025-10-02 15:58:52,399 - __main__ - INFO - Epoch 90: Val Loss = 0.0704 (Recon: 0.0151, KL: 5.5366)
2025-10-02 15:59:07,840 - __main__ - INFO - Epoch 91: Train Loss = 0.1980 (Recon: 0.0155, KL: 18.2500)
2025-10-02 15:59:08,000 - __main__ - INFO - Epoch 91: Val Loss = 0.0703 (Recon: 0.0148, KL: 5.5502)
2025-10-02 15:59:08,231 - __main__ - INFO - Epoch 92: Train Loss = 0.1955 (Recon: 0.0153, KL: 18.0149)
2025-10-02 15:59:08,366 - __main__ - INFO - Epoch 92: Val Loss = 0.0700 (Recon: 0.0150, KL: 5.4972)
2025-10-02 15:59:08,581 - __main__ - INFO - Epoch 93: Train Loss = 0.2012 (Recon: 0.0154, KL: 18.5862)
2025-10-02 15:59:08,717 - __main__ - INFO - Epoch 93: Val Loss = 0.0699 (Recon: 0.0148, KL: 5.5093)
2025-10-02 15:59:08,931 - __main__ - INFO - Epoch 94: Train Loss = 0.2037 (Recon: 0.0153, KL: 18.8414)
2025-10-02 15:59:09,069 - __main__ - INFO - Epoch 94: Val Loss = 0.0696 (Recon: 0.0149, KL: 5.4628)
2025-10-02 15:59:09,282 - __main__ - INFO - Epoch 95: Train Loss = 0.1908 (Recon: 0.0153, KL: 17.5529)
2025-10-02 15:59:09,412 - __main__ - INFO - Epoch 95: Val Loss = 0.0690 (Recon: 0.0149, KL: 5.4151)
2025-10-02 15:59:09,617 - __main__ - INFO - Epoch 96: Train Loss = 0.2030 (Recon: 0.0152, KL: 18.7728)
2025-10-02 15:59:09,745 - __main__ - INFO - Epoch 96: Val Loss = 0.0691 (Recon: 0.0150, KL: 5.4122)
2025-10-02 15:59:09,953 - __main__ - INFO - Epoch 97: Train Loss = 0.2101 (Recon: 0.0152, KL: 19.4868)
2025-10-02 15:59:10,079 - __main__ - INFO - Epoch 97: Val Loss = 0.0686 (Recon: 0.0148, KL: 5.3827)
2025-10-02 15:59:10,284 - __main__ - INFO - Epoch 98: Train Loss = 0.1912 (Recon: 0.0155, KL: 17.5717)
2025-10-02 15:59:10,416 - __main__ - INFO - Epoch 98: Val Loss = 0.0686 (Recon: 0.0150, KL: 5.3640)
2025-10-02 15:59:10,627 - __main__ - INFO - Epoch 99: Train Loss = 0.1943 (Recon: 0.0152, KL: 17.9095)
2025-10-02 15:59:10,759 - __main__ - INFO - Epoch 99: Val Loss = 0.0683 (Recon: 0.0149, KL: 5.3433)
2025-10-02 15:59:10,971 - __main__ - INFO - Epoch 100: Train Loss = 0.1888 (Recon: 0.0153, KL: 17.3448)
2025-10-02 15:59:11,103 - __main__ - INFO - Epoch 100: Val Loss = 0.0679 (Recon: 0.0151, KL: 5.2771)
2025-10-02 15:59:26,450 - __main__ - INFO - Epoch 101: Train Loss = 0.1810 (Recon: 0.0154, KL: 16.5625)
2025-10-02 15:59:26,593 - __main__ - INFO - Epoch 101: Val Loss = 0.0670 (Recon: 0.0147, KL: 5.2258)
2025-10-02 15:59:26,807 - __main__ - INFO - Epoch 102: Train Loss = 0.1829 (Recon: 0.0152, KL: 16.7688)
2025-10-02 15:59:26,940 - __main__ - INFO - Epoch 102: Val Loss = 0.0669 (Recon: 0.0150, KL: 5.1917)
2025-10-02 15:59:27,149 - __main__ - INFO - Epoch 103: Train Loss = 0.1871 (Recon: 0.0153, KL: 17.1866)
2025-10-02 15:59:27,279 - __main__ - INFO - Epoch 103: Val Loss = 0.0665 (Recon: 0.0151, KL: 5.1433)
2025-10-02 15:59:27,494 - __main__ - INFO - Epoch 104: Train Loss = 0.1845 (Recon: 0.0152, KL: 16.9377)
2025-10-02 15:59:27,637 - __main__ - INFO - Epoch 104: Val Loss = 0.0662 (Recon: 0.0148, KL: 5.1389)
2025-10-02 15:59:27,841 - __main__ - INFO - Epoch 105: Train Loss = 0.1788 (Recon: 0.0151, KL: 16.3644)
2025-10-02 15:59:27,983 - __main__ - INFO - Epoch 105: Val Loss = 0.0652 (Recon: 0.0148, KL: 5.0416)
2025-10-02 15:59:28,192 - __main__ - INFO - Epoch 106: Train Loss = 0.1772 (Recon: 0.0149, KL: 16.2284)
2025-10-02 15:59:28,330 - __main__ - INFO - Epoch 106: Val Loss = 0.0648 (Recon: 0.0149, KL: 4.9889)
2025-10-02 15:59:28,537 - __main__ - INFO - Epoch 107: Train Loss = 0.1796 (Recon: 0.0151, KL: 16.4445)
2025-10-02 15:59:28,667 - __main__ - INFO - Epoch 107: Val Loss = 0.0648 (Recon: 0.0148, KL: 5.0045)
2025-10-02 15:59:28,890 - __main__ - INFO - Epoch 108: Train Loss = 0.1695 (Recon: 0.0150, KL: 15.4484)
2025-10-02 15:59:29,024 - __main__ - INFO - Epoch 108: Val Loss = 0.0641 (Recon: 0.0149, KL: 4.9215)
2025-10-02 15:59:29,242 - __main__ - INFO - Epoch 109: Train Loss = 0.1736 (Recon: 0.0149, KL: 15.8701)
2025-10-02 15:59:29,380 - __main__ - INFO - Epoch 109: Val Loss = 0.0631 (Recon: 0.0148, KL: 4.8335)
2025-10-02 15:59:29,585 - __main__ - INFO - Epoch 110: Train Loss = 0.1679 (Recon: 0.0151, KL: 15.2770)
2025-10-02 15:59:29,728 - __main__ - INFO - Epoch 110: Val Loss = 0.0626 (Recon: 0.0148, KL: 4.7824)
2025-10-02 15:59:44,884 - __main__ - INFO - Epoch 111: Train Loss = 0.1691 (Recon: 0.0149, KL: 15.4189)
2025-10-02 15:59:45,021 - __main__ - INFO - Epoch 111: Val Loss = 0.0628 (Recon: 0.0150, KL: 4.7838)
2025-10-02 15:59:45,234 - __main__ - INFO - Epoch 112: Train Loss = 0.1781 (Recon: 0.0150, KL: 16.3169)
2025-10-02 15:59:45,365 - __main__ - INFO - Epoch 112: Val Loss = 0.0626 (Recon: 0.0147, KL: 4.7915)
2025-10-02 15:59:45,584 - __main__ - INFO - Epoch 113: Train Loss = 0.1653 (Recon: 0.0149, KL: 15.0403)
2025-10-02 15:59:45,723 - __main__ - INFO - Epoch 113: Val Loss = 0.0625 (Recon: 0.0146, KL: 4.7866)
2025-10-02 15:59:45,945 - __main__ - INFO - Epoch 114: Train Loss = 0.1658 (Recon: 0.0150, KL: 15.0839)
2025-10-02 15:59:46,084 - __main__ - INFO - Epoch 114: Val Loss = 0.0623 (Recon: 0.0146, KL: 4.7693)
2025-10-02 15:59:46,291 - __main__ - INFO - Epoch 115: Train Loss = 0.1595 (Recon: 0.0149, KL: 14.4518)
2025-10-02 15:59:46,420 - __main__ - INFO - Epoch 115: Val Loss = 0.0623 (Recon: 0.0148, KL: 4.7573)
2025-10-02 15:59:46,645 - __main__ - INFO - Epoch 116: Train Loss = 0.1662 (Recon: 0.0148, KL: 15.1389)
2025-10-02 15:59:46,775 - __main__ - INFO - Epoch 116: Val Loss = 0.0611 (Recon: 0.0146, KL: 4.6459)
2025-10-02 15:59:46,992 - __main__ - INFO - Epoch 117: Train Loss = 0.1646 (Recon: 0.0149, KL: 14.9631)
2025-10-02 15:59:47,120 - __main__ - INFO - Epoch 117: Val Loss = 0.0608 (Recon: 0.0145, KL: 4.6268)
2025-10-02 15:59:47,338 - __main__ - INFO - Epoch 118: Train Loss = 0.1631 (Recon: 0.0149, KL: 14.8286)
2025-10-02 15:59:47,479 - __main__ - INFO - Epoch 118: Val Loss = 0.0609 (Recon: 0.0148, KL: 4.6137)
2025-10-02 15:59:47,704 - __main__ - INFO - Epoch 119: Train Loss = 0.1599 (Recon: 0.0149, KL: 14.4968)
2025-10-02 15:59:47,835 - __main__ - INFO - Epoch 119: Val Loss = 0.0603 (Recon: 0.0147, KL: 4.5567)
2025-10-02 15:59:48,047 - __main__ - INFO - Epoch 120: Train Loss = 0.1526 (Recon: 0.0148, KL: 13.7871)
2025-10-02 15:59:48,198 - __main__ - INFO - Epoch 120: Val Loss = 0.0599 (Recon: 0.0147, KL: 4.5247)
2025-10-02 16:00:03,352 - __main__ - INFO - Epoch 121: Train Loss = 0.1605 (Recon: 0.0148, KL: 14.5671)
2025-10-02 16:00:03,488 - __main__ - INFO - Epoch 121: Val Loss = 0.0593 (Recon: 0.0147, KL: 4.4575)
2025-10-02 16:00:03,684 - __main__ - INFO - Epoch 122: Train Loss = 0.1622 (Recon: 0.0150, KL: 14.7188)
2025-10-02 16:00:03,816 - __main__ - INFO - Epoch 122: Val Loss = 0.0596 (Recon: 0.0147, KL: 4.4979)
2025-10-02 16:00:04,036 - __main__ - INFO - Epoch 123: Train Loss = 0.1516 (Recon: 0.0149, KL: 13.6719)
2025-10-02 16:00:04,169 - __main__ - INFO - Epoch 123: Val Loss = 0.0596 (Recon: 0.0147, KL: 4.4849)
2025-10-02 16:00:04,391 - __main__ - INFO - Epoch 124: Train Loss = 0.1572 (Recon: 0.0148, KL: 14.2492)
2025-10-02 16:00:04,533 - __main__ - INFO - Epoch 124: Val Loss = 0.0590 (Recon: 0.0147, KL: 4.4305)
2025-10-02 16:00:04,765 - __main__ - INFO - Epoch 125: Train Loss = 0.1539 (Recon: 0.0148, KL: 13.9093)
2025-10-02 16:00:04,897 - __main__ - INFO - Epoch 125: Val Loss = 0.0583 (Recon: 0.0145, KL: 4.3815)
2025-10-02 16:00:05,140 - __main__ - INFO - Epoch 126: Train Loss = 0.1601 (Recon: 0.0147, KL: 14.5364)
2025-10-02 16:00:05,283 - __main__ - INFO - Epoch 126: Val Loss = 0.0586 (Recon: 0.0148, KL: 4.3806)
2025-10-02 16:00:05,496 - __main__ - INFO - Epoch 127: Train Loss = 0.1507 (Recon: 0.0148, KL: 13.5984)
2025-10-02 16:00:05,644 - __main__ - INFO - Epoch 127: Val Loss = 0.0584 (Recon: 0.0146, KL: 4.3857)
2025-10-02 16:00:05,858 - __main__ - INFO - Epoch 128: Train Loss = 0.1455 (Recon: 0.0148, KL: 13.0760)
2025-10-02 16:00:05,989 - __main__ - INFO - Epoch 128: Val Loss = 0.0577 (Recon: 0.0147, KL: 4.3036)
2025-10-02 16:00:06,233 - __main__ - INFO - Epoch 129: Train Loss = 0.1481 (Recon: 0.0146, KL: 13.3428)
2025-10-02 16:00:06,381 - __main__ - INFO - Epoch 129: Val Loss = 0.0578 (Recon: 0.0146, KL: 4.3162)
2025-10-02 16:00:06,609 - __main__ - INFO - Epoch 130: Train Loss = 0.1588 (Recon: 0.0148, KL: 14.4041)
2025-10-02 16:00:06,749 - __main__ - INFO - Epoch 130: Val Loss = 0.0577 (Recon: 0.0145, KL: 4.3184)
2025-10-02 16:00:21,953 - __main__ - INFO - Epoch 131: Train Loss = 0.1461 (Recon: 0.0146, KL: 13.1496)
2025-10-02 16:00:22,127 - __main__ - INFO - Epoch 131: Val Loss = 0.0568 (Recon: 0.0145, KL: 4.2304)
2025-10-02 16:00:22,355 - __main__ - INFO - Epoch 132: Train Loss = 0.1467 (Recon: 0.0149, KL: 13.1782)
2025-10-02 16:00:22,505 - __main__ - INFO - Epoch 132: Val Loss = 0.0570 (Recon: 0.0145, KL: 4.2470)
2025-10-02 16:00:22,738 - __main__ - INFO - Epoch 133: Train Loss = 0.1409 (Recon: 0.0146, KL: 12.6315)
2025-10-02 16:00:22,889 - __main__ - INFO - Epoch 133: Val Loss = 0.0563 (Recon: 0.0145, KL: 4.1737)
2025-10-02 16:00:23,105 - __main__ - INFO - Epoch 134: Train Loss = 0.1457 (Recon: 0.0147, KL: 13.1056)
2025-10-02 16:00:23,313 - __main__ - INFO - Epoch 134: Val Loss = 0.0563 (Recon: 0.0146, KL: 4.1667)
2025-10-02 16:00:23,635 - __main__ - INFO - Epoch 135: Train Loss = 0.1397 (Recon: 0.0148, KL: 12.4956)
2025-10-02 16:00:23,862 - __main__ - INFO - Epoch 135: Val Loss = 0.0558 (Recon: 0.0145, KL: 4.1308)
2025-10-02 16:00:24,172 - __main__ - INFO - Epoch 136: Train Loss = 0.1410 (Recon: 0.0144, KL: 12.6537)
2025-10-02 16:00:24,343 - __main__ - INFO - Epoch 136: Val Loss = 0.0552 (Recon: 0.0145, KL: 4.0664)
2025-10-02 16:00:24,579 - __main__ - INFO - Epoch 137: Train Loss = 0.1394 (Recon: 0.0146, KL: 12.4781)
2025-10-02 16:00:24,784 - __main__ - INFO - Epoch 137: Val Loss = 0.0549 (Recon: 0.0145, KL: 4.0444)
2025-10-02 16:00:25,053 - __main__ - INFO - Epoch 138: Train Loss = 0.1434 (Recon: 0.0146, KL: 12.8800)
2025-10-02 16:00:25,267 - __main__ - INFO - Epoch 138: Val Loss = 0.0544 (Recon: 0.0143, KL: 4.0154)
2025-10-02 16:00:25,624 - __main__ - INFO - Epoch 139: Train Loss = 0.1403 (Recon: 0.0145, KL: 12.5824)
2025-10-02 16:00:25,853 - __main__ - INFO - Epoch 139: Val Loss = 0.0544 (Recon: 0.0146, KL: 3.9788)
2025-10-02 16:00:26,100 - __main__ - INFO - Epoch 140: Train Loss = 0.1363 (Recon: 0.0146, KL: 12.1692)
2025-10-02 16:00:26,233 - __main__ - INFO - Epoch 140: Val Loss = 0.0540 (Recon: 0.0144, KL: 3.9623)
2025-10-02 16:00:41,665 - __main__ - INFO - Epoch 141: Train Loss = 0.1409 (Recon: 0.0146, KL: 12.6312)
2025-10-02 16:00:41,799 - __main__ - INFO - Epoch 141: Val Loss = 0.0543 (Recon: 0.0145, KL: 3.9730)
2025-10-02 16:00:42,019 - __main__ - INFO - Epoch 142: Train Loss = 0.1356 (Recon: 0.0143, KL: 12.1237)
2025-10-02 16:00:42,157 - __main__ - INFO - Epoch 142: Val Loss = 0.0545 (Recon: 0.0146, KL: 3.9960)
2025-10-02 16:00:42,366 - __main__ - INFO - Epoch 143: Train Loss = 0.1336 (Recon: 0.0146, KL: 11.9021)
2025-10-02 16:00:42,504 - __main__ - INFO - Epoch 143: Val Loss = 0.0541 (Recon: 0.0145, KL: 3.9531)
2025-10-02 16:00:42,729 - __main__ - INFO - Epoch 144: Train Loss = 0.1308 (Recon: 0.0144, KL: 11.6411)
2025-10-02 16:00:42,872 - __main__ - INFO - Epoch 144: Val Loss = 0.0534 (Recon: 0.0145, KL: 3.8846)
2025-10-02 16:00:43,091 - __main__ - INFO - Epoch 145: Train Loss = 0.1318 (Recon: 0.0143, KL: 11.7443)
2025-10-02 16:00:43,223 - __main__ - INFO - Epoch 145: Val Loss = 0.0528 (Recon: 0.0145, KL: 3.8333)
2025-10-02 16:00:43,443 - __main__ - INFO - Epoch 146: Train Loss = 0.1316 (Recon: 0.0145, KL: 11.7165)
2025-10-02 16:00:43,576 - __main__ - INFO - Epoch 146: Val Loss = 0.0526 (Recon: 0.0146, KL: 3.7967)
2025-10-02 16:00:43,800 - __main__ - INFO - Epoch 147: Train Loss = 0.1259 (Recon: 0.0144, KL: 11.1496)
2025-10-02 16:00:43,940 - __main__ - INFO - Epoch 147: Val Loss = 0.0520 (Recon: 0.0144, KL: 3.7620)
2025-10-02 16:00:44,163 - __main__ - INFO - Epoch 148: Train Loss = 0.1361 (Recon: 0.0145, KL: 12.1640)
2025-10-02 16:00:44,325 - __main__ - INFO - Epoch 148: Val Loss = 0.0522 (Recon: 0.0145, KL: 3.7722)
2025-10-02 16:00:44,545 - __main__ - INFO - Epoch 149: Train Loss = 0.1269 (Recon: 0.0146, KL: 11.2312)
2025-10-02 16:00:44,687 - __main__ - INFO - Epoch 149: Val Loss = 0.0513 (Recon: 0.0143, KL: 3.7010)
2025-10-02 16:00:44,904 - __main__ - INFO - Epoch 150: Train Loss = 0.1305 (Recon: 0.0145, KL: 11.5969)
2025-10-02 16:00:45,040 - __main__ - INFO - Epoch 150: Val Loss = 0.0514 (Recon: 0.0145, KL: 3.6908)
2025-10-02 16:01:00,358 - __main__ - INFO - Epoch 151: Train Loss = 0.1275 (Recon: 0.0146, KL: 11.2916)
2025-10-02 16:01:00,489 - __main__ - INFO - Epoch 151: Val Loss = 0.0511 (Recon: 0.0144, KL: 3.6721)
2025-10-02 16:01:00,703 - __main__ - INFO - Epoch 152: Train Loss = 0.1240 (Recon: 0.0145, KL: 10.9572)
2025-10-02 16:01:00,834 - __main__ - INFO - Epoch 152: Val Loss = 0.0507 (Recon: 0.0142, KL: 3.6521)
2025-10-02 16:01:01,044 - __main__ - INFO - Epoch 153: Train Loss = 0.1214 (Recon: 0.0145, KL: 10.6861)
2025-10-02 16:01:01,174 - __main__ - INFO - Epoch 153: Val Loss = 0.0504 (Recon: 0.0143, KL: 3.6100)
2025-10-02 16:01:01,389 - __main__ - INFO - Epoch 154: Train Loss = 0.1236 (Recon: 0.0144, KL: 10.9162)
2025-10-02 16:01:01,530 - __main__ - INFO - Epoch 154: Val Loss = 0.0502 (Recon: 0.0143, KL: 3.5861)
2025-10-02 16:01:01,757 - __main__ - INFO - Epoch 155: Train Loss = 0.1256 (Recon: 0.0143, KL: 11.1277)
2025-10-02 16:01:01,901 - __main__ - INFO - Epoch 155: Val Loss = 0.0501 (Recon: 0.0144, KL: 3.5653)
2025-10-02 16:01:02,138 - __main__ - INFO - Epoch 156: Train Loss = 0.1252 (Recon: 0.0146, KL: 11.0573)
2025-10-02 16:01:02,276 - __main__ - INFO - Epoch 156: Val Loss = 0.0496 (Recon: 0.0142, KL: 3.5448)
2025-10-02 16:01:02,490 - __main__ - INFO - Epoch 157: Train Loss = 0.1178 (Recon: 0.0143, KL: 10.3540)
2025-10-02 16:01:02,621 - __main__ - INFO - Epoch 157: Val Loss = 0.0495 (Recon: 0.0145, KL: 3.5024)
2025-10-02 16:01:02,841 - __main__ - INFO - Epoch 158: Train Loss = 0.1180 (Recon: 0.0144, KL: 10.3641)
2025-10-02 16:01:02,972 - __main__ - INFO - Epoch 158: Val Loss = 0.0493 (Recon: 0.0145, KL: 3.4794)
2025-10-02 16:01:03,195 - __main__ - INFO - Epoch 159: Train Loss = 0.1188 (Recon: 0.0145, KL: 10.4249)
2025-10-02 16:01:03,326 - __main__ - INFO - Epoch 159: Val Loss = 0.0486 (Recon: 0.0144, KL: 3.4266)
2025-10-02 16:01:03,547 - __main__ - INFO - Epoch 160: Train Loss = 0.1190 (Recon: 0.0143, KL: 10.4677)
2025-10-02 16:01:03,691 - __main__ - INFO - Epoch 160: Val Loss = 0.0483 (Recon: 0.0144, KL: 3.3951)
2025-10-02 16:01:18,859 - __main__ - INFO - Epoch 161: Train Loss = 0.1170 (Recon: 0.0142, KL: 10.2833)
2025-10-02 16:01:18,998 - __main__ - INFO - Epoch 161: Val Loss = 0.0477 (Recon: 0.0142, KL: 3.3493)
2025-10-02 16:01:19,218 - __main__ - INFO - Epoch 162: Train Loss = 0.1198 (Recon: 0.0144, KL: 10.5304)
2025-10-02 16:01:19,352 - __main__ - INFO - Epoch 162: Val Loss = 0.0476 (Recon: 0.0144, KL: 3.3204)
2025-10-02 16:01:19,572 - __main__ - INFO - Epoch 163: Train Loss = 0.1109 (Recon: 0.0141, KL: 9.6760)
2025-10-02 16:01:19,707 - __main__ - INFO - Epoch 163: Val Loss = 0.0468 (Recon: 0.0142, KL: 3.2528)
2025-10-02 16:01:19,919 - __main__ - INFO - Epoch 164: Train Loss = 0.1226 (Recon: 0.0145, KL: 10.8066)
2025-10-02 16:01:20,044 - __main__ - INFO - Epoch 164: Val Loss = 0.0472 (Recon: 0.0144, KL: 3.2866)
2025-10-02 16:01:20,260 - __main__ - INFO - Epoch 165: Train Loss = 0.1241 (Recon: 0.0143, KL: 10.9814)
2025-10-02 16:01:20,384 - __main__ - INFO - Epoch 165: Val Loss = 0.0472 (Recon: 0.0143, KL: 3.2910)
2025-10-02 16:01:20,599 - __main__ - INFO - Epoch 166: Train Loss = 0.1152 (Recon: 0.0141, KL: 10.1109)
2025-10-02 16:01:20,738 - __main__ - INFO - Epoch 166: Val Loss = 0.0468 (Recon: 0.0143, KL: 3.2543)
2025-10-02 16:01:20,962 - __main__ - INFO - Epoch 167: Train Loss = 0.1134 (Recon: 0.0143, KL: 9.9142)
2025-10-02 16:01:21,092 - __main__ - INFO - Epoch 167: Val Loss = 0.0465 (Recon: 0.0142, KL: 3.2323)
2025-10-02 16:01:21,305 - __main__ - INFO - Epoch 168: Train Loss = 0.1167 (Recon: 0.0142, KL: 10.2456)
2025-10-02 16:01:21,431 - __main__ - INFO - Epoch 168: Val Loss = 0.0465 (Recon: 0.0144, KL: 3.2081)
2025-10-02 16:01:21,650 - __main__ - INFO - Epoch 169: Train Loss = 0.1136 (Recon: 0.0144, KL: 9.9259)
2025-10-02 16:01:21,790 - __main__ - INFO - Epoch 169: Val Loss = 0.0460 (Recon: 0.0143, KL: 3.1647)
2025-10-02 16:01:22,003 - __main__ - INFO - Epoch 170: Train Loss = 0.1100 (Recon: 0.0143, KL: 9.5683)
2025-10-02 16:01:22,144 - __main__ - INFO - Epoch 170: Val Loss = 0.0456 (Recon: 0.0142, KL: 3.1379)
2025-10-02 16:01:37,290 - __main__ - INFO - Epoch 171: Train Loss = 0.1123 (Recon: 0.0143, KL: 9.7941)
2025-10-02 16:01:37,422 - __main__ - INFO - Epoch 171: Val Loss = 0.0458 (Recon: 0.0143, KL: 3.1483)
2025-10-02 16:01:37,640 - __main__ - INFO - Epoch 172: Train Loss = 0.1084 (Recon: 0.0143, KL: 9.4139)
2025-10-02 16:01:37,771 - __main__ - INFO - Epoch 172: Val Loss = 0.0453 (Recon: 0.0143, KL: 3.1004)
2025-10-02 16:01:37,986 - __main__ - INFO - Epoch 173: Train Loss = 0.1046 (Recon: 0.0141, KL: 9.0476)
2025-10-02 16:01:38,126 - __main__ - INFO - Epoch 173: Val Loss = 0.0448 (Recon: 0.0143, KL: 3.0537)
2025-10-02 16:01:38,341 - __main__ - INFO - Epoch 174: Train Loss = 0.1097 (Recon: 0.0142, KL: 9.5530)
2025-10-02 16:01:38,471 - __main__ - INFO - Epoch 174: Val Loss = 0.0446 (Recon: 0.0142, KL: 3.0345)
2025-10-02 16:01:38,686 - __main__ - INFO - Epoch 175: Train Loss = 0.1141 (Recon: 0.0142, KL: 9.9868)
2025-10-02 16:01:38,836 - __main__ - INFO - Epoch 175: Val Loss = 0.0448 (Recon: 0.0143, KL: 3.0491)
2025-10-02 16:01:39,070 - __main__ - INFO - Epoch 176: Train Loss = 0.1129 (Recon: 0.0141, KL: 9.8848)
2025-10-02 16:01:39,210 - __main__ - INFO - Epoch 176: Val Loss = 0.0448 (Recon: 0.0143, KL: 3.0478)
2025-10-02 16:01:39,440 - __main__ - INFO - Epoch 177: Train Loss = 0.1152 (Recon: 0.0143, KL: 10.0921)
2025-10-02 16:01:39,585 - __main__ - INFO - Epoch 177: Val Loss = 0.0447 (Recon: 0.0142, KL: 3.0510)
2025-10-02 16:01:39,809 - __main__ - INFO - Epoch 178: Train Loss = 0.1052 (Recon: 0.0142, KL: 9.0965)
2025-10-02 16:01:39,946 - __main__ - INFO - Epoch 178: Val Loss = 0.0441 (Recon: 0.0141, KL: 2.9927)
2025-10-02 16:01:40,174 - __main__ - INFO - Epoch 179: Train Loss = 0.1100 (Recon: 0.0141, KL: 9.5880)
2025-10-02 16:01:40,335 - __main__ - INFO - Epoch 179: Val Loss = 0.0440 (Recon: 0.0143, KL: 2.9755)
2025-10-02 16:01:40,568 - __main__ - INFO - Epoch 180: Train Loss = 0.1067 (Recon: 0.0141, KL: 9.2661)
2025-10-02 16:01:40,705 - __main__ - INFO - Epoch 180: Val Loss = 0.0436 (Recon: 0.0143, KL: 2.9331)
2025-10-02 16:01:55,848 - __main__ - INFO - Epoch 181: Train Loss = 0.1073 (Recon: 0.0141, KL: 9.3205)
2025-10-02 16:01:55,995 - __main__ - INFO - Epoch 181: Val Loss = 0.0435 (Recon: 0.0142, KL: 2.9298)
2025-10-02 16:01:56,221 - __main__ - INFO - Epoch 182: Train Loss = 0.1034 (Recon: 0.0139, KL: 8.9515)
2025-10-02 16:01:56,367 - __main__ - INFO - Epoch 182: Val Loss = 0.0432 (Recon: 0.0143, KL: 2.8889)
2025-10-02 16:01:56,659 - __main__ - INFO - Epoch 183: Train Loss = 0.1074 (Recon: 0.0140, KL: 9.3321)
2025-10-02 16:01:56,805 - __main__ - INFO - Epoch 183: Val Loss = 0.0428 (Recon: 0.0142, KL: 2.8657)
2025-10-02 16:01:57,037 - __main__ - INFO - Epoch 184: Train Loss = 0.0989 (Recon: 0.0140, KL: 8.4903)
2025-10-02 16:01:57,219 - __main__ - INFO - Epoch 184: Val Loss = 0.0422 (Recon: 0.0142, KL: 2.7991)
2025-10-02 16:01:57,442 - __main__ - INFO - Epoch 185: Train Loss = 0.0974 (Recon: 0.0140, KL: 8.3360)
2025-10-02 16:01:57,683 - __main__ - INFO - Epoch 185: Val Loss = 0.0415 (Recon: 0.0144, KL: 2.7119)
2025-10-02 16:01:58,003 - __main__ - INFO - Epoch 186: Train Loss = 0.1024 (Recon: 0.0141, KL: 8.8337)
2025-10-02 16:01:58,238 - __main__ - INFO - Epoch 186: Val Loss = 0.0414 (Recon: 0.0144, KL: 2.7015)
2025-10-02 16:01:58,579 - __main__ - INFO - Epoch 187: Train Loss = 0.0995 (Recon: 0.0142, KL: 8.5271)
2025-10-02 16:01:58,785 - __main__ - INFO - Epoch 187: Val Loss = 0.0408 (Recon: 0.0141, KL: 2.6643)
2025-10-02 16:01:59,076 - __main__ - INFO - Epoch 188: Train Loss = 0.0989 (Recon: 0.0141, KL: 8.4783)
2025-10-02 16:01:59,272 - __main__ - INFO - Epoch 188: Val Loss = 0.0406 (Recon: 0.0142, KL: 2.6466)
2025-10-02 16:01:59,559 - __main__ - INFO - Epoch 189: Train Loss = 0.0997 (Recon: 0.0141, KL: 8.5658)
2025-10-02 16:01:59,752 - __main__ - INFO - Epoch 189: Val Loss = 0.0404 (Recon: 0.0143, KL: 2.6091)
2025-10-02 16:02:00,046 - __main__ - INFO - Epoch 190: Train Loss = 0.1063 (Recon: 0.0141, KL: 9.2228)
2025-10-02 16:02:00,215 - __main__ - INFO - Epoch 190: Val Loss = 0.0404 (Recon: 0.0142, KL: 2.6212)
2025-10-02 16:02:15,457 - __main__ - INFO - Epoch 191: Train Loss = 0.0988 (Recon: 0.0140, KL: 8.4854)
2025-10-02 16:02:15,622 - __main__ - INFO - Epoch 191: Val Loss = 0.0402 (Recon: 0.0142, KL: 2.5995)
2025-10-02 16:02:15,857 - __main__ - INFO - Epoch 192: Train Loss = 0.0985 (Recon: 0.0140, KL: 8.4506)
2025-10-02 16:02:15,991 - __main__ - INFO - Epoch 192: Val Loss = 0.0399 (Recon: 0.0142, KL: 2.5725)
2025-10-02 16:02:16,204 - __main__ - INFO - Epoch 193: Train Loss = 0.1014 (Recon: 0.0142, KL: 8.7197)
2025-10-02 16:02:16,331 - __main__ - INFO - Epoch 193: Val Loss = 0.0395 (Recon: 0.0140, KL: 2.5548)
2025-10-02 16:02:16,542 - __main__ - INFO - Epoch 194: Train Loss = 0.0992 (Recon: 0.0140, KL: 8.5231)
2025-10-02 16:02:16,667 - __main__ - INFO - Epoch 194: Val Loss = 0.0398 (Recon: 0.0142, KL: 2.5534)
2025-10-02 16:02:16,876 - __main__ - INFO - Epoch 195: Train Loss = 0.0974 (Recon: 0.0140, KL: 8.3386)
2025-10-02 16:02:17,004 - __main__ - INFO - Epoch 195: Val Loss = 0.0396 (Recon: 0.0143, KL: 2.5209)
2025-10-02 16:02:17,222 - __main__ - INFO - Epoch 196: Train Loss = 0.0928 (Recon: 0.0140, KL: 7.8798)
2025-10-02 16:02:17,376 - __main__ - INFO - Epoch 196: Val Loss = 0.0391 (Recon: 0.0142, KL: 2.4918)
2025-10-02 16:02:17,596 - __main__ - INFO - Epoch 197: Train Loss = 0.0953 (Recon: 0.0140, KL: 8.1297)
2025-10-02 16:02:17,741 - __main__ - INFO - Epoch 197: Val Loss = 0.0389 (Recon: 0.0142, KL: 2.4617)
2025-10-02 16:02:17,960 - __main__ - INFO - Epoch 198: Train Loss = 0.0943 (Recon: 0.0139, KL: 8.0424)
2025-10-02 16:02:18,103 - __main__ - INFO - Epoch 198: Val Loss = 0.0386 (Recon: 0.0141, KL: 2.4514)
2025-10-02 16:02:18,322 - __main__ - INFO - Epoch 199: Train Loss = 0.0924 (Recon: 0.0139, KL: 7.8530)
2025-10-02 16:02:18,466 - __main__ - INFO - Epoch 199: Val Loss = 0.0382 (Recon: 0.0142, KL: 2.4008)
2025-10-02 16:02:18,691 - __main__ - INFO - Epoch 200: Train Loss = 0.0947 (Recon: 0.0139, KL: 8.0817)
2025-10-02 16:02:18,820 - __main__ - INFO - Epoch 200: Val Loss = 0.0380 (Recon: 0.0142, KL: 2.3878)
2025-10-02 16:02:33,980 - __main__ - INFO - Epoch 201: Train Loss = 0.0988 (Recon: 0.0139, KL: 8.4940)
2025-10-02 16:02:34,135 - __main__ - INFO - Epoch 201: Val Loss = 0.0379 (Recon: 0.0141, KL: 2.3835)
2025-10-02 16:02:34,372 - __main__ - INFO - Epoch 202: Train Loss = 0.0915 (Recon: 0.0139, KL: 7.7584)
2025-10-02 16:02:34,542 - __main__ - INFO - Epoch 202: Val Loss = 0.0375 (Recon: 0.0141, KL: 2.3381)
2025-10-02 16:02:34,775 - __main__ - INFO - Epoch 203: Train Loss = 0.0871 (Recon: 0.0137, KL: 7.3474)
2025-10-02 16:02:34,907 - __main__ - INFO - Epoch 203: Val Loss = 0.0371 (Recon: 0.0141, KL: 2.2990)
2025-10-02 16:02:35,116 - __main__ - INFO - Epoch 204: Train Loss = 0.0970 (Recon: 0.0141, KL: 8.2941)
2025-10-02 16:02:35,245 - __main__ - INFO - Epoch 204: Val Loss = 0.0373 (Recon: 0.0141, KL: 2.3176)
2025-10-02 16:02:35,457 - __main__ - INFO - Epoch 205: Train Loss = 0.0872 (Recon: 0.0138, KL: 7.3386)
2025-10-02 16:02:35,602 - __main__ - INFO - Epoch 205: Val Loss = 0.0367 (Recon: 0.0140, KL: 2.2799)
2025-10-02 16:02:35,809 - __main__ - INFO - Epoch 206: Train Loss = 0.0941 (Recon: 0.0139, KL: 8.0141)
2025-10-02 16:02:35,939 - __main__ - INFO - Epoch 206: Val Loss = 0.0369 (Recon: 0.0141, KL: 2.2824)
2025-10-02 16:02:36,151 - __main__ - INFO - Epoch 207: Train Loss = 0.1012 (Recon: 0.0140, KL: 8.7169)
2025-10-02 16:02:36,274 - __main__ - INFO - Epoch 207: Val Loss = 0.0372 (Recon: 0.0141, KL: 2.3058)
2025-10-02 16:02:36,709 - __main__ - INFO - Epoch 208: Train Loss = 0.0902 (Recon: 0.0140, KL: 7.6255)
2025-10-02 16:02:36,850 - __main__ - INFO - Epoch 208: Val Loss = 0.0369 (Recon: 0.0141, KL: 2.2796)
2025-10-02 16:02:37,069 - __main__ - INFO - Epoch 209: Train Loss = 0.0975 (Recon: 0.0140, KL: 8.3425)
2025-10-02 16:02:37,215 - __main__ - INFO - Epoch 209: Val Loss = 0.0368 (Recon: 0.0141, KL: 2.2691)
2025-10-02 16:02:37,430 - __main__ - INFO - Epoch 210: Train Loss = 0.0878 (Recon: 0.0139, KL: 7.3896)
2025-10-02 16:02:37,569 - __main__ - INFO - Epoch 210: Val Loss = 0.0362 (Recon: 0.0140, KL: 2.2267)
2025-10-02 16:02:52,711 - __main__ - INFO - Epoch 211: Train Loss = 0.0980 (Recon: 0.0138, KL: 8.4222)
2025-10-02 16:02:52,849 - __main__ - INFO - Epoch 211: Val Loss = 0.0364 (Recon: 0.0141, KL: 2.2393)
2025-10-02 16:02:53,060 - __main__ - INFO - Epoch 212: Train Loss = 0.0884 (Recon: 0.0140, KL: 7.4420)
2025-10-02 16:02:53,193 - __main__ - INFO - Epoch 212: Val Loss = 0.0360 (Recon: 0.0141, KL: 2.1933)
2025-10-02 16:02:53,411 - __main__ - INFO - Epoch 213: Train Loss = 0.0834 (Recon: 0.0137, KL: 6.9675)
2025-10-02 16:02:53,549 - __main__ - INFO - Epoch 213: Val Loss = 0.0356 (Recon: 0.0141, KL: 2.1542)
2025-10-02 16:02:53,773 - __main__ - INFO - Epoch 214: Train Loss = 0.0832 (Recon: 0.0140, KL: 6.9272)
2025-10-02 16:02:53,911 - __main__ - INFO - Epoch 214: Val Loss = 0.0351 (Recon: 0.0140, KL: 2.1067)
2025-10-02 16:02:54,145 - __main__ - INFO - Epoch 215: Train Loss = 0.0869 (Recon: 0.0139, KL: 7.3082)
2025-10-02 16:02:54,288 - __main__ - INFO - Epoch 215: Val Loss = 0.0350 (Recon: 0.0142, KL: 2.0833)
2025-10-02 16:02:54,512 - __main__ - INFO - Epoch 216: Train Loss = 0.0891 (Recon: 0.0138, KL: 7.5309)
2025-10-02 16:02:54,654 - __main__ - INFO - Epoch 216: Val Loss = 0.0349 (Recon: 0.0141, KL: 2.0797)
2025-10-02 16:02:54,877 - __main__ - INFO - Epoch 217: Train Loss = 0.0865 (Recon: 0.0138, KL: 7.2682)
2025-10-02 16:02:55,017 - __main__ - INFO - Epoch 217: Val Loss = 0.0345 (Recon: 0.0139, KL: 2.0583)
2025-10-02 16:02:55,272 - __main__ - INFO - Epoch 218: Train Loss = 0.0935 (Recon: 0.0140, KL: 7.9492)
2025-10-02 16:02:55,411 - __main__ - INFO - Epoch 218: Val Loss = 0.0346 (Recon: 0.0140, KL: 2.0613)
2025-10-02 16:02:55,623 - __main__ - INFO - Epoch 219: Train Loss = 0.0846 (Recon: 0.0138, KL: 7.0853)
2025-10-02 16:02:55,764 - __main__ - INFO - Epoch 219: Val Loss = 0.0345 (Recon: 0.0142, KL: 2.0281)
2025-10-02 16:02:55,986 - __main__ - INFO - Epoch 220: Train Loss = 0.0837 (Recon: 0.0137, KL: 6.9942)
2025-10-02 16:02:56,118 - __main__ - INFO - Epoch 220: Val Loss = 0.0343 (Recon: 0.0141, KL: 2.0260)
2025-10-02 16:03:11,237 - __main__ - INFO - Epoch 221: Train Loss = 0.0846 (Recon: 0.0139, KL: 7.0718)
2025-10-02 16:03:11,380 - __main__ - INFO - Epoch 221: Val Loss = 0.0339 (Recon: 0.0139, KL: 1.9913)
2025-10-02 16:03:11,609 - __main__ - INFO - Epoch 222: Train Loss = 0.0832 (Recon: 0.0136, KL: 6.9650)
2025-10-02 16:03:11,764 - __main__ - INFO - Epoch 222: Val Loss = 0.0337 (Recon: 0.0140, KL: 1.9724)
2025-10-02 16:03:12,003 - __main__ - INFO - Epoch 223: Train Loss = 0.0854 (Recon: 0.0138, KL: 7.1629)
2025-10-02 16:03:12,144 - __main__ - INFO - Epoch 223: Val Loss = 0.0340 (Recon: 0.0141, KL: 1.9944)
2025-10-02 16:03:12,379 - __main__ - INFO - Epoch 224: Train Loss = 0.0831 (Recon: 0.0139, KL: 6.9247)
2025-10-02 16:03:12,521 - __main__ - INFO - Epoch 224: Val Loss = 0.0336 (Recon: 0.0140, KL: 1.9644)
2025-10-02 16:03:12,738 - __main__ - INFO - Epoch 225: Train Loss = 0.0824 (Recon: 0.0139, KL: 6.8476)
2025-10-02 16:03:12,877 - __main__ - INFO - Epoch 225: Val Loss = 0.0334 (Recon: 0.0142, KL: 1.9277)
2025-10-02 16:03:13,090 - __main__ - INFO - Epoch 226: Train Loss = 0.0787 (Recon: 0.0138, KL: 6.4900)
2025-10-02 16:03:13,220 - __main__ - INFO - Epoch 226: Val Loss = 0.0329 (Recon: 0.0139, KL: 1.8946)
2025-10-02 16:03:13,435 - __main__ - INFO - Epoch 227: Train Loss = 0.0798 (Recon: 0.0138, KL: 6.5979)
2025-10-02 16:03:13,581 - __main__ - INFO - Epoch 227: Val Loss = 0.0327 (Recon: 0.0140, KL: 1.8740)
2025-10-02 16:03:13,806 - __main__ - INFO - Epoch 228: Train Loss = 0.0839 (Recon: 0.0137, KL: 7.0214)
2025-10-02 16:03:13,965 - __main__ - INFO - Epoch 228: Val Loss = 0.0326 (Recon: 0.0139, KL: 1.8664)
2025-10-02 16:03:14,196 - __main__ - INFO - Epoch 229: Train Loss = 0.0788 (Recon: 0.0138, KL: 6.5061)
2025-10-02 16:03:14,338 - __main__ - INFO - Epoch 229: Val Loss = 0.0325 (Recon: 0.0141, KL: 1.8421)
2025-10-02 16:03:14,548 - __main__ - INFO - Epoch 230: Train Loss = 0.0801 (Recon: 0.0137, KL: 6.6402)
2025-10-02 16:03:14,689 - __main__ - INFO - Epoch 230: Val Loss = 0.0325 (Recon: 0.0140, KL: 1.8497)
2025-10-02 16:03:29,948 - __main__ - INFO - Epoch 231: Train Loss = 0.0833 (Recon: 0.0139, KL: 6.9412)
2025-10-02 16:03:30,076 - __main__ - INFO - Epoch 231: Val Loss = 0.0322 (Recon: 0.0140, KL: 1.8270)
2025-10-02 16:03:30,313 - __main__ - INFO - Epoch 232: Train Loss = 0.0765 (Recon: 0.0137, KL: 6.2816)
2025-10-02 16:03:30,457 - __main__ - INFO - Epoch 232: Val Loss = 0.0318 (Recon: 0.0140, KL: 1.7867)
2025-10-02 16:03:30,684 - __main__ - INFO - Epoch 233: Train Loss = 0.0796 (Recon: 0.0139, KL: 6.5687)
2025-10-02 16:03:30,815 - __main__ - INFO - Epoch 233: Val Loss = 0.0316 (Recon: 0.0140, KL: 1.7592)
2025-10-02 16:03:31,052 - __main__ - INFO - Epoch 234: Train Loss = 0.0818 (Recon: 0.0139, KL: 6.7875)
2025-10-02 16:03:31,199 - __main__ - INFO - Epoch 234: Val Loss = 0.0315 (Recon: 0.0140, KL: 1.7493)
2025-10-02 16:03:31,436 - __main__ - INFO - Epoch 235: Train Loss = 0.0789 (Recon: 0.0137, KL: 6.5188)
2025-10-02 16:03:31,585 - __main__ - INFO - Epoch 235: Val Loss = 0.0312 (Recon: 0.0139, KL: 1.7266)
2025-10-02 16:03:31,812 - __main__ - INFO - Epoch 236: Train Loss = 0.0803 (Recon: 0.0138, KL: 6.6510)
2025-10-02 16:03:31,961 - __main__ - INFO - Epoch 236: Val Loss = 0.0314 (Recon: 0.0140, KL: 1.7370)
2025-10-02 16:03:32,195 - __main__ - INFO - Epoch 237: Train Loss = 0.0809 (Recon: 0.0135, KL: 6.7339)
2025-10-02 16:03:32,336 - __main__ - INFO - Epoch 237: Val Loss = 0.0316 (Recon: 0.0141, KL: 1.7462)
2025-10-02 16:03:32,559 - __main__ - INFO - Epoch 238: Train Loss = 0.0782 (Recon: 0.0137, KL: 6.4505)
2025-10-02 16:03:32,711 - __main__ - INFO - Epoch 238: Val Loss = 0.0313 (Recon: 0.0140, KL: 1.7263)
2025-10-02 16:03:32,941 - __main__ - INFO - Epoch 239: Train Loss = 0.0851 (Recon: 0.0136, KL: 7.1489)
2025-10-02 16:03:33,104 - __main__ - INFO - Epoch 239: Val Loss = 0.0316 (Recon: 0.0140, KL: 1.7619)
2025-10-02 16:03:33,337 - __main__ - INFO - Epoch 240: Train Loss = 0.0758 (Recon: 0.0137, KL: 6.2134)
2025-10-02 16:03:33,486 - __main__ - INFO - Epoch 240: Val Loss = 0.0314 (Recon: 0.0139, KL: 1.7506)
2025-10-02 16:03:48,798 - __main__ - INFO - Epoch 241: Train Loss = 0.0855 (Recon: 0.0138, KL: 7.1659)
2025-10-02 16:03:48,929 - __main__ - INFO - Epoch 241: Val Loss = 0.0315 (Recon: 0.0139, KL: 1.7572)
2025-10-02 16:03:49,132 - __main__ - INFO - Epoch 242: Train Loss = 0.0728 (Recon: 0.0137, KL: 5.9152)
2025-10-02 16:03:49,276 - __main__ - INFO - Epoch 242: Val Loss = 0.0310 (Recon: 0.0140, KL: 1.7007)
2025-10-02 16:03:49,494 - __main__ - INFO - Epoch 243: Train Loss = 0.0822 (Recon: 0.0137, KL: 6.8518)
2025-10-02 16:03:49,627 - __main__ - INFO - Epoch 243: Val Loss = 0.0311 (Recon: 0.0138, KL: 1.7241)
2025-10-02 16:03:49,845 - __main__ - INFO - Epoch 244: Train Loss = 0.0763 (Recon: 0.0137, KL: 6.2535)
2025-10-02 16:03:50,004 - __main__ - INFO - Epoch 244: Val Loss = 0.0310 (Recon: 0.0140, KL: 1.7072)
2025-10-02 16:03:50,215 - __main__ - INFO - Epoch 245: Train Loss = 0.0822 (Recon: 0.0137, KL: 6.8533)
2025-10-02 16:03:50,369 - __main__ - INFO - Epoch 245: Val Loss = 0.0310 (Recon: 0.0140, KL: 1.6967)
2025-10-02 16:03:50,607 - __main__ - INFO - Epoch 246: Train Loss = 0.0723 (Recon: 0.0136, KL: 5.8658)
2025-10-02 16:03:50,780 - __main__ - INFO - Epoch 246: Val Loss = 0.0305 (Recon: 0.0139, KL: 1.6557)
2025-10-02 16:03:50,997 - __main__ - INFO - Epoch 247: Train Loss = 0.0718 (Recon: 0.0136, KL: 5.8247)
2025-10-02 16:03:51,147 - __main__ - INFO - Epoch 247: Val Loss = 0.0304 (Recon: 0.0139, KL: 1.6434)
2025-10-02 16:03:51,375 - __main__ - INFO - Epoch 248: Train Loss = 0.0755 (Recon: 0.0137, KL: 6.1812)
2025-10-02 16:03:51,504 - __main__ - INFO - Epoch 248: Val Loss = 0.0302 (Recon: 0.0138, KL: 1.6386)
2025-10-02 16:03:51,740 - __main__ - INFO - Epoch 249: Train Loss = 0.0721 (Recon: 0.0137, KL: 5.8357)
2025-10-02 16:03:51,872 - __main__ - INFO - Epoch 249: Val Loss = 0.0301 (Recon: 0.0140, KL: 1.6078)
2025-10-02 16:03:52,112 - __main__ - INFO - Epoch 250: Train Loss = 0.0721 (Recon: 0.0137, KL: 5.8394)
2025-10-02 16:03:52,269 - __main__ - INFO - Epoch 250: Val Loss = 0.0297 (Recon: 0.0139, KL: 1.5800)
2025-10-02 16:04:07,450 - __main__ - INFO - Epoch 251: Train Loss = 0.0698 (Recon: 0.0136, KL: 5.6146)
2025-10-02 16:04:07,590 - __main__ - INFO - Epoch 251: Val Loss = 0.0297 (Recon: 0.0139, KL: 1.5812)
2025-10-02 16:04:07,824 - __main__ - INFO - Epoch 252: Train Loss = 0.0755 (Recon: 0.0138, KL: 6.1748)
2025-10-02 16:04:07,977 - __main__ - INFO - Epoch 252: Val Loss = 0.0296 (Recon: 0.0139, KL: 1.5755)
2025-10-02 16:04:08,198 - __main__ - INFO - Epoch 253: Train Loss = 0.0728 (Recon: 0.0136, KL: 5.9161)
2025-10-02 16:04:08,347 - __main__ - INFO - Epoch 253: Val Loss = 0.0294 (Recon: 0.0139, KL: 1.5434)
2025-10-02 16:04:08,584 - __main__ - INFO - Epoch 254: Train Loss = 0.0746 (Recon: 0.0137, KL: 6.0934)
2025-10-02 16:04:08,742 - __main__ - INFO - Epoch 254: Val Loss = 0.0293 (Recon: 0.0139, KL: 1.5324)
2025-10-02 16:04:08,962 - __main__ - INFO - Epoch 255: Train Loss = 0.0717 (Recon: 0.0136, KL: 5.8140)
2025-10-02 16:04:09,097 - __main__ - INFO - Epoch 255: Val Loss = 0.0292 (Recon: 0.0140, KL: 1.5189)
2025-10-02 16:04:09,327 - __main__ - INFO - Epoch 256: Train Loss = 0.0816 (Recon: 0.0135, KL: 6.8075)
2025-10-02 16:04:09,492 - __main__ - INFO - Epoch 256: Val Loss = 0.0296 (Recon: 0.0139, KL: 1.5674)
2025-10-02 16:04:09,727 - __main__ - INFO - Epoch 257: Train Loss = 0.0807 (Recon: 0.0135, KL: 6.7108)
2025-10-02 16:04:09,860 - __main__ - INFO - Epoch 257: Val Loss = 0.0298 (Recon: 0.0139, KL: 1.5843)
2025-10-02 16:04:10,073 - __main__ - INFO - Epoch 258: Train Loss = 0.0736 (Recon: 0.0136, KL: 5.9977)
2025-10-02 16:04:10,213 - __main__ - INFO - Epoch 258: Val Loss = 0.0296 (Recon: 0.0139, KL: 1.5634)
2025-10-02 16:04:10,427 - __main__ - INFO - Epoch 259: Train Loss = 0.0650 (Recon: 0.0136, KL: 5.1433)
2025-10-02 16:04:10,562 - __main__ - INFO - Epoch 259: Val Loss = 0.0291 (Recon: 0.0139, KL: 1.5212)
2025-10-02 16:04:10,778 - __main__ - INFO - Epoch 260: Train Loss = 0.0667 (Recon: 0.0134, KL: 5.3296)
2025-10-02 16:04:10,921 - __main__ - INFO - Epoch 260: Val Loss = 0.0290 (Recon: 0.0140, KL: 1.4971)
2025-10-02 16:04:26,070 - __main__ - INFO - Epoch 261: Train Loss = 0.0809 (Recon: 0.0136, KL: 6.7262)
2025-10-02 16:04:26,207 - __main__ - INFO - Epoch 261: Val Loss = 0.0293 (Recon: 0.0139, KL: 1.5375)
2025-10-02 16:04:26,421 - __main__ - INFO - Epoch 262: Train Loss = 0.0708 (Recon: 0.0136, KL: 5.7157)
2025-10-02 16:04:26,563 - __main__ - INFO - Epoch 262: Val Loss = 0.0291 (Recon: 0.0139, KL: 1.5168)
2025-10-02 16:04:26,785 - __main__ - INFO - Epoch 263: Train Loss = 0.0710 (Recon: 0.0137, KL: 5.7286)
2025-10-02 16:04:26,926 - __main__ - INFO - Epoch 263: Val Loss = 0.0289 (Recon: 0.0140, KL: 1.4883)
2025-10-02 16:04:27,139 - __main__ - INFO - Epoch 264: Train Loss = 0.0681 (Recon: 0.0135, KL: 5.4585)
2025-10-02 16:04:27,273 - __main__ - INFO - Epoch 264: Val Loss = 0.0284 (Recon: 0.0139, KL: 1.4547)
2025-10-02 16:04:27,483 - __main__ - INFO - Epoch 265: Train Loss = 0.0709 (Recon: 0.0136, KL: 5.7277)
2025-10-02 16:04:27,623 - __main__ - INFO - Epoch 265: Val Loss = 0.0287 (Recon: 0.0139, KL: 1.4788)
2025-10-02 16:04:27,844 - __main__ - INFO - Epoch 266: Train Loss = 0.0679 (Recon: 0.0136, KL: 5.4339)
2025-10-02 16:04:28,007 - __main__ - INFO - Epoch 266: Val Loss = 0.0283 (Recon: 0.0138, KL: 1.4515)
2025-10-02 16:04:28,253 - __main__ - INFO - Epoch 267: Train Loss = 0.0765 (Recon: 0.0135, KL: 6.2914)
2025-10-02 16:04:28,438 - __main__ - INFO - Epoch 267: Val Loss = 0.0284 (Recon: 0.0139, KL: 1.4508)
2025-10-02 16:04:28,663 - __main__ - INFO - Epoch 268: Train Loss = 0.0755 (Recon: 0.0136, KL: 6.1885)
2025-10-02 16:04:28,805 - __main__ - INFO - Epoch 268: Val Loss = 0.0282 (Recon: 0.0138, KL: 1.4462)
2025-10-02 16:04:29,038 - __main__ - INFO - Epoch 269: Train Loss = 0.0776 (Recon: 0.0135, KL: 6.4020)
2025-10-02 16:04:29,174 - __main__ - INFO - Epoch 269: Val Loss = 0.0285 (Recon: 0.0139, KL: 1.4658)
2025-10-02 16:04:29,390 - __main__ - INFO - Epoch 270: Train Loss = 0.0683 (Recon: 0.0135, KL: 5.4825)
2025-10-02 16:04:29,521 - __main__ - INFO - Epoch 270: Val Loss = 0.0282 (Recon: 0.0138, KL: 1.4453)
2025-10-02 16:04:51,327 - __main__ - INFO - Epoch 271: Train Loss = 0.0666 (Recon: 0.0136, KL: 5.2998)
2025-10-02 16:04:51,469 - __main__ - INFO - Epoch 271: Val Loss = 0.0278 (Recon: 0.0138, KL: 1.4026)
2025-10-02 16:04:51,769 - __main__ - INFO - Epoch 272: Train Loss = 0.0806 (Recon: 0.0134, KL: 6.7146)
2025-10-02 16:04:51,999 - __main__ - INFO - Epoch 272: Val Loss = 0.0283 (Recon: 0.0139, KL: 1.4418)
2025-10-02 16:04:52,327 - __main__ - INFO - Epoch 273: Train Loss = 0.0695 (Recon: 0.0137, KL: 5.5883)
2025-10-02 16:04:52,517 - __main__ - INFO - Epoch 273: Val Loss = 0.0280 (Recon: 0.0139, KL: 1.4169)
2025-10-02 16:04:52,795 - __main__ - INFO - Epoch 274: Train Loss = 0.0728 (Recon: 0.0135, KL: 5.9368)
2025-10-02 16:04:53,008 - __main__ - INFO - Epoch 274: Val Loss = 0.0283 (Recon: 0.0138, KL: 1.4504)
2025-10-02 16:04:53,287 - __main__ - INFO - Epoch 275: Train Loss = 0.0664 (Recon: 0.0135, KL: 5.2866)
2025-10-02 16:04:53,450 - __main__ - INFO - Epoch 275: Val Loss = 0.0281 (Recon: 0.0138, KL: 1.4266)
2025-10-02 16:04:53,698 - __main__ - INFO - Epoch 276: Train Loss = 0.0643 (Recon: 0.0135, KL: 5.0863)
2025-10-02 16:04:53,835 - __main__ - INFO - Epoch 276: Val Loss = 0.0278 (Recon: 0.0139, KL: 1.3933)
2025-10-02 16:04:54,053 - __main__ - INFO - Epoch 277: Train Loss = 0.0642 (Recon: 0.0134, KL: 5.0804)
2025-10-02 16:04:54,238 - __main__ - INFO - Epoch 277: Val Loss = 0.0275 (Recon: 0.0138, KL: 1.3640)
2025-10-02 16:04:54,471 - __main__ - INFO - Epoch 278: Train Loss = 0.0669 (Recon: 0.0134, KL: 5.3432)
2025-10-02 16:04:54,683 - __main__ - INFO - Epoch 278: Val Loss = 0.0273 (Recon: 0.0138, KL: 1.3460)
2025-10-02 16:04:54,938 - __main__ - INFO - Epoch 279: Train Loss = 0.0757 (Recon: 0.0135, KL: 6.2206)
2025-10-02 16:04:55,073 - __main__ - INFO - Epoch 279: Val Loss = 0.0276 (Recon: 0.0139, KL: 1.3761)
2025-10-02 16:04:55,325 - __main__ - INFO - Epoch 280: Train Loss = 0.0662 (Recon: 0.0134, KL: 5.2826)
2025-10-02 16:04:55,525 - __main__ - INFO - Epoch 280: Val Loss = 0.0270 (Recon: 0.0136, KL: 1.3399)
2025-10-02 16:05:23,071 - __main__ - INFO - Epoch 281: Train Loss = 0.0770 (Recon: 0.0134, KL: 6.3621)
2025-10-02 16:05:23,246 - __main__ - INFO - Epoch 281: Val Loss = 0.0274 (Recon: 0.0138, KL: 1.3537)
2025-10-02 16:05:23,506 - __main__ - INFO - Epoch 282: Train Loss = 0.0645 (Recon: 0.0134, KL: 5.1108)
2025-10-02 16:05:23,663 - __main__ - INFO - Epoch 282: Val Loss = 0.0272 (Recon: 0.0139, KL: 1.3373)
2025-10-02 16:05:23,912 - __main__ - INFO - Epoch 283: Train Loss = 0.0675 (Recon: 0.0134, KL: 5.4114)
2025-10-02 16:05:24,115 - __main__ - INFO - Epoch 283: Val Loss = 0.0270 (Recon: 0.0138, KL: 1.3177)
2025-10-02 16:05:24,399 - __main__ - INFO - Epoch 284: Train Loss = 0.0782 (Recon: 0.0136, KL: 6.4551)
2025-10-02 16:05:24,610 - __main__ - INFO - Epoch 284: Val Loss = 0.0270 (Recon: 0.0138, KL: 1.3245)
2025-10-02 16:05:24,933 - __main__ - INFO - Epoch 285: Train Loss = 0.0695 (Recon: 0.0134, KL: 5.6070)
2025-10-02 16:05:25,141 - __main__ - INFO - Epoch 285: Val Loss = 0.0272 (Recon: 0.0138, KL: 1.3416)
2025-10-02 16:05:25,439 - __main__ - INFO - Epoch 286: Train Loss = 0.0641 (Recon: 0.0135, KL: 5.0683)
2025-10-02 16:05:25,641 - __main__ - INFO - Epoch 286: Val Loss = 0.0268 (Recon: 0.0138, KL: 1.2959)
2025-10-02 16:05:25,941 - __main__ - INFO - Epoch 287: Train Loss = 0.0647 (Recon: 0.0136, KL: 5.1167)
2025-10-02 16:05:26,139 - __main__ - INFO - Epoch 287: Val Loss = 0.0265 (Recon: 0.0138, KL: 1.2629)
2025-10-02 16:05:26,443 - __main__ - INFO - Epoch 288: Train Loss = 0.0722 (Recon: 0.0135, KL: 5.8750)
2025-10-02 16:05:26,644 - __main__ - INFO - Epoch 288: Val Loss = 0.0267 (Recon: 0.0139, KL: 1.2804)
2025-10-02 16:05:27,080 - __main__ - INFO - Epoch 289: Train Loss = 0.0621 (Recon: 0.0135, KL: 4.8572)
2025-10-02 16:05:27,315 - __main__ - INFO - Epoch 289: Val Loss = 0.0265 (Recon: 0.0138, KL: 1.2672)
2025-10-02 16:05:27,635 - __main__ - INFO - Epoch 290: Train Loss = 0.0625 (Recon: 0.0134, KL: 4.9039)
2025-10-02 16:05:27,844 - __main__ - INFO - Epoch 290: Val Loss = 0.0263 (Recon: 0.0139, KL: 1.2425)
2025-10-02 16:05:43,187 - __main__ - INFO - Epoch 291: Train Loss = 0.0626 (Recon: 0.0135, KL: 4.9097)
2025-10-02 16:05:43,394 - __main__ - INFO - Epoch 291: Val Loss = 0.0258 (Recon: 0.0138, KL: 1.2054)
2025-10-02 16:05:43,690 - __main__ - INFO - Epoch 292: Train Loss = 0.0606 (Recon: 0.0133, KL: 4.7280)
2025-10-02 16:05:43,881 - __main__ - INFO - Epoch 292: Val Loss = 0.0256 (Recon: 0.0138, KL: 1.1784)
2025-10-02 16:05:44,170 - __main__ - INFO - Epoch 293: Train Loss = 0.0644 (Recon: 0.0134, KL: 5.0996)
2025-10-02 16:05:44,370 - __main__ - INFO - Epoch 293: Val Loss = 0.0255 (Recon: 0.0138, KL: 1.1671)
2025-10-02 16:05:44,678 - __main__ - INFO - Epoch 294: Train Loss = 0.0637 (Recon: 0.0134, KL: 5.0270)
2025-10-02 16:05:44,901 - __main__ - INFO - Epoch 294: Val Loss = 0.0255 (Recon: 0.0140, KL: 1.1477)
2025-10-02 16:05:45,174 - __main__ - INFO - Epoch 295: Train Loss = 0.0739 (Recon: 0.0136, KL: 6.0340)
2025-10-02 16:05:45,353 - __main__ - INFO - Epoch 295: Val Loss = 0.0253 (Recon: 0.0138, KL: 1.1504)
2025-10-02 16:05:45,696 - __main__ - INFO - Epoch 296: Train Loss = 0.0654 (Recon: 0.0135, KL: 5.1931)
2025-10-02 16:05:45,897 - __main__ - INFO - Epoch 296: Val Loss = 0.0255 (Recon: 0.0138, KL: 1.1646)
2025-10-02 16:05:46,223 - __main__ - INFO - Epoch 297: Train Loss = 0.0597 (Recon: 0.0134, KL: 4.6328)
2025-10-02 16:05:46,416 - __main__ - INFO - Epoch 297: Val Loss = 0.0254 (Recon: 0.0140, KL: 1.1386)
2025-10-02 16:05:46,714 - __main__ - INFO - Epoch 298: Train Loss = 0.0667 (Recon: 0.0134, KL: 5.3248)
2025-10-02 16:05:46,910 - __main__ - INFO - Epoch 298: Val Loss = 0.0250 (Recon: 0.0137, KL: 1.1273)
2025-10-02 16:05:47,192 - __main__ - INFO - Epoch 299: Train Loss = 0.0629 (Recon: 0.0134, KL: 4.9507)
2025-10-02 16:05:47,388 - __main__ - INFO - Epoch 299: Val Loss = 0.0249 (Recon: 0.0138, KL: 1.1071)
2025-10-02 16:05:47,668 - __main__ - INFO - Epoch 300: Train Loss = 0.0656 (Recon: 0.0133, KL: 5.2258)
2025-10-02 16:05:47,861 - __main__ - INFO - Epoch 300: Val Loss = 0.0248 (Recon: 0.0137, KL: 1.1093)
2025-10-02 16:06:18,530 - __main__ - INFO - Epoch 301: Train Loss = 0.0633 (Recon: 0.0134, KL: 4.9862)
2025-10-02 16:06:18,727 - __main__ - INFO - Epoch 301: Val Loss = 0.0247 (Recon: 0.0137, KL: 1.0943)
2025-10-02 16:06:18,989 - __main__ - INFO - Epoch 302: Train Loss = 0.0578 (Recon: 0.0134, KL: 4.4375)
2025-10-02 16:06:19,190 - __main__ - INFO - Epoch 302: Val Loss = 0.0244 (Recon: 0.0137, KL: 1.0770)
2025-10-02 16:06:19,468 - __main__ - INFO - Epoch 303: Train Loss = 0.0576 (Recon: 0.0133, KL: 4.4272)
2025-10-02 16:06:19,653 - __main__ - INFO - Epoch 303: Val Loss = 0.0244 (Recon: 0.0137, KL: 1.0735)
2025-10-02 16:06:19,966 - __main__ - INFO - Epoch 304: Train Loss = 0.0592 (Recon: 0.0133, KL: 4.5827)
2025-10-02 16:06:20,150 - __main__ - INFO - Epoch 304: Val Loss = 0.0243 (Recon: 0.0138, KL: 1.0587)
2025-10-02 16:06:20,411 - __main__ - INFO - Epoch 305: Train Loss = 0.0587 (Recon: 0.0134, KL: 4.5328)
2025-10-02 16:06:20,607 - __main__ - INFO - Epoch 305: Val Loss = 0.0242 (Recon: 0.0137, KL: 1.0449)
2025-10-02 16:06:20,921 - __main__ - INFO - Epoch 306: Train Loss = 0.0667 (Recon: 0.0134, KL: 5.3319)
2025-10-02 16:06:21,102 - __main__ - INFO - Epoch 306: Val Loss = 0.0244 (Recon: 0.0138, KL: 1.0640)
2025-10-02 16:06:21,375 - __main__ - INFO - Epoch 307: Train Loss = 0.0639 (Recon: 0.0135, KL: 5.0375)
2025-10-02 16:06:21,565 - __main__ - INFO - Epoch 307: Val Loss = 0.0244 (Recon: 0.0138, KL: 1.0600)
2025-10-02 16:06:21,870 - __main__ - INFO - Epoch 308: Train Loss = 0.0609 (Recon: 0.0133, KL: 4.7527)
2025-10-02 16:06:22,065 - __main__ - INFO - Epoch 308: Val Loss = 0.0243 (Recon: 0.0138, KL: 1.0559)
2025-10-02 16:06:22,368 - __main__ - INFO - Epoch 309: Train Loss = 0.0587 (Recon: 0.0134, KL: 4.5339)
2025-10-02 16:06:22,570 - __main__ - INFO - Epoch 309: Val Loss = 0.0242 (Recon: 0.0138, KL: 1.0421)
2025-10-02 16:06:22,860 - __main__ - INFO - Epoch 310: Train Loss = 0.0598 (Recon: 0.0133, KL: 4.6508)
2025-10-02 16:06:23,058 - __main__ - INFO - Epoch 310: Val Loss = 0.0242 (Recon: 0.0137, KL: 1.0513)
2025-10-02 16:06:53,511 - __main__ - INFO - Epoch 311: Train Loss = 0.0639 (Recon: 0.0133, KL: 5.0574)
2025-10-02 16:06:53,704 - __main__ - INFO - Epoch 311: Val Loss = 0.0243 (Recon: 0.0138, KL: 1.0508)
2025-10-02 16:06:53,958 - __main__ - INFO - Epoch 312: Train Loss = 0.0654 (Recon: 0.0134, KL: 5.2023)
2025-10-02 16:06:54,148 - __main__ - INFO - Epoch 312: Val Loss = 0.0243 (Recon: 0.0138, KL: 1.0530)
2025-10-02 16:06:54,446 - __main__ - INFO - Epoch 313: Train Loss = 0.0566 (Recon: 0.0133, KL: 4.3268)
2025-10-02 16:06:54,634 - __main__ - INFO - Epoch 313: Val Loss = 0.0241 (Recon: 0.0137, KL: 1.0429)
2025-10-02 16:06:54,890 - __main__ - INFO - Epoch 314: Train Loss = 0.0566 (Recon: 0.0133, KL: 4.3238)
2025-10-02 16:06:55,079 - __main__ - INFO - Epoch 314: Val Loss = 0.0239 (Recon: 0.0137, KL: 1.0164)
2025-10-02 16:06:55,411 - __main__ - INFO - Epoch 315: Train Loss = 0.0670 (Recon: 0.0132, KL: 5.3795)
2025-10-02 16:06:55,615 - __main__ - INFO - Epoch 315: Val Loss = 0.0241 (Recon: 0.0137, KL: 1.0358)
2025-10-02 16:06:55,921 - __main__ - INFO - Epoch 316: Train Loss = 0.0574 (Recon: 0.0134, KL: 4.4056)
2025-10-02 16:06:56,114 - __main__ - INFO - Epoch 316: Val Loss = 0.0238 (Recon: 0.0137, KL: 1.0148)
2025-10-02 16:06:56,390 - __main__ - INFO - Epoch 317: Train Loss = 0.0575 (Recon: 0.0133, KL: 4.4214)
2025-10-02 16:06:56,626 - __main__ - INFO - Epoch 317: Val Loss = 0.0236 (Recon: 0.0136, KL: 0.9942)
2025-10-02 16:06:56,911 - __main__ - INFO - Epoch 318: Train Loss = 0.0601 (Recon: 0.0134, KL: 4.6729)
2025-10-02 16:06:57,106 - __main__ - INFO - Epoch 318: Val Loss = 0.0235 (Recon: 0.0137, KL: 0.9798)
2025-10-02 16:06:57,369 - __main__ - INFO - Epoch 319: Train Loss = 0.0593 (Recon: 0.0134, KL: 4.5817)
2025-10-02 16:06:57,549 - __main__ - INFO - Epoch 319: Val Loss = 0.0234 (Recon: 0.0138, KL: 0.9620)
2025-10-02 16:06:57,830 - __main__ - INFO - Epoch 320: Train Loss = 0.0564 (Recon: 0.0133, KL: 4.3059)
2025-10-02 16:06:58,007 - __main__ - INFO - Epoch 320: Val Loss = 0.0233 (Recon: 0.0138, KL: 0.9502)
2025-10-02 16:07:22,719 - __main__ - INFO - Epoch 321: Train Loss = 0.0674 (Recon: 0.0132, KL: 5.4178)
2025-10-02 16:07:23,094 - __main__ - INFO - Epoch 321: Val Loss = 0.0235 (Recon: 0.0138, KL: 0.9699)
2025-10-02 16:07:23,581 - __main__ - INFO - Epoch 322: Train Loss = 0.0541 (Recon: 0.0132, KL: 4.0895)
2025-10-02 16:07:23,910 - __main__ - INFO - Epoch 322: Val Loss = 0.0235 (Recon: 0.0138, KL: 0.9747)
2025-10-02 16:07:24,335 - __main__ - INFO - Epoch 323: Train Loss = 0.0523 (Recon: 0.0133, KL: 3.8972)
2025-10-02 16:07:24,593 - __main__ - INFO - Epoch 323: Val Loss = 0.0234 (Recon: 0.0137, KL: 0.9686)
2025-10-02 16:07:24,989 - __main__ - INFO - Epoch 324: Train Loss = 0.0571 (Recon: 0.0133, KL: 4.3832)
2025-10-02 16:07:25,339 - __main__ - INFO - Epoch 324: Val Loss = 0.0232 (Recon: 0.0137, KL: 0.9545)
2025-10-02 16:07:25,804 - __main__ - INFO - Epoch 325: Train Loss = 0.0545 (Recon: 0.0134, KL: 4.1104)
2025-10-02 16:07:26,086 - __main__ - INFO - Epoch 325: Val Loss = 0.0232 (Recon: 0.0138, KL: 0.9362)
2025-10-02 16:07:26,507 - __main__ - INFO - Epoch 326: Train Loss = 0.0558 (Recon: 0.0131, KL: 4.2656)
2025-10-02 16:07:26,798 - __main__ - INFO - Epoch 326: Val Loss = 0.0231 (Recon: 0.0138, KL: 0.9298)
2025-10-02 16:07:27,254 - __main__ - INFO - Epoch 327: Train Loss = 0.0578 (Recon: 0.0133, KL: 4.4481)
2025-10-02 16:07:27,591 - __main__ - INFO - Epoch 327: Val Loss = 0.0229 (Recon: 0.0137, KL: 0.9208)
2025-10-02 16:07:28,061 - __main__ - INFO - Epoch 328: Train Loss = 0.0553 (Recon: 0.0134, KL: 4.1896)
2025-10-02 16:07:28,486 - __main__ - INFO - Epoch 328: Val Loss = 0.0227 (Recon: 0.0136, KL: 0.9079)
2025-10-02 16:07:28,942 - __main__ - INFO - Epoch 329: Train Loss = 0.0538 (Recon: 0.0133, KL: 4.0518)
2025-10-02 16:07:29,288 - __main__ - INFO - Epoch 329: Val Loss = 0.0228 (Recon: 0.0138, KL: 0.8973)
2025-10-02 16:07:29,687 - __main__ - INFO - Epoch 330: Train Loss = 0.0549 (Recon: 0.0133, KL: 4.1683)
2025-10-02 16:07:30,111 - __main__ - INFO - Epoch 330: Val Loss = 0.0226 (Recon: 0.0136, KL: 0.8977)
2025-10-02 16:08:00,962 - __main__ - INFO - Epoch 331: Train Loss = 0.0551 (Recon: 0.0132, KL: 4.1887)
2025-10-02 16:08:01,150 - __main__ - INFO - Epoch 331: Val Loss = 0.0227 (Recon: 0.0137, KL: 0.8963)
2025-10-02 16:08:01,451 - __main__ - INFO - Epoch 332: Train Loss = 0.0581 (Recon: 0.0133, KL: 4.4761)
2025-10-02 16:08:01,634 - __main__ - INFO - Epoch 332: Val Loss = 0.0225 (Recon: 0.0136, KL: 0.8854)
2025-10-02 16:08:01,924 - __main__ - INFO - Epoch 333: Train Loss = 0.0592 (Recon: 0.0133, KL: 4.5859)
2025-10-02 16:08:02,132 - __main__ - INFO - Epoch 333: Val Loss = 0.0228 (Recon: 0.0137, KL: 0.9037)
2025-10-02 16:08:02,434 - __main__ - INFO - Epoch 334: Train Loss = 0.0684 (Recon: 0.0134, KL: 5.4984)
2025-10-02 16:08:02,640 - __main__ - INFO - Epoch 334: Val Loss = 0.0231 (Recon: 0.0138, KL: 0.9302)
2025-10-02 16:08:02,928 - __main__ - INFO - Epoch 335: Train Loss = 0.0568 (Recon: 0.0135, KL: 4.3258)
2025-10-02 16:08:03,116 - __main__ - INFO - Epoch 335: Val Loss = 0.0229 (Recon: 0.0137, KL: 0.9165)
2025-10-02 16:08:03,445 - __main__ - INFO - Epoch 336: Train Loss = 0.0542 (Recon: 0.0132, KL: 4.1014)
2025-10-02 16:08:03,647 - __main__ - INFO - Epoch 336: Val Loss = 0.0228 (Recon: 0.0138, KL: 0.9019)
2025-10-02 16:08:03,968 - __main__ - INFO - Epoch 337: Train Loss = 0.0551 (Recon: 0.0132, KL: 4.1903)
2025-10-02 16:08:04,184 - __main__ - INFO - Epoch 337: Val Loss = 0.0226 (Recon: 0.0137, KL: 0.8949)
2025-10-02 16:08:04,524 - __main__ - INFO - Epoch 338: Train Loss = 0.0526 (Recon: 0.0131, KL: 3.9485)
2025-10-02 16:08:04,735 - __main__ - INFO - Epoch 338: Val Loss = 0.0226 (Recon: 0.0137, KL: 0.8858)
2025-10-02 16:08:05,029 - __main__ - INFO - Epoch 339: Train Loss = 0.0521 (Recon: 0.0132, KL: 3.8865)
2025-10-02 16:08:05,239 - __main__ - INFO - Epoch 339: Val Loss = 0.0225 (Recon: 0.0138, KL: 0.8716)
2025-10-02 16:08:05,543 - __main__ - INFO - Epoch 340: Train Loss = 0.0517 (Recon: 0.0132, KL: 3.8476)
2025-10-02 16:08:05,727 - __main__ - INFO - Epoch 340: Val Loss = 0.0225 (Recon: 0.0136, KL: 0.8841)
2025-10-02 16:08:33,526 - __main__ - INFO - Epoch 341: Train Loss = 0.0720 (Recon: 0.0133, KL: 5.8645)
2025-10-02 16:08:33,857 - __main__ - INFO - Epoch 341: Val Loss = 0.0231 (Recon: 0.0139, KL: 0.9234)
2025-10-02 16:08:34,291 - __main__ - INFO - Epoch 342: Train Loss = 0.0633 (Recon: 0.0131, KL: 5.0192)
2025-10-02 16:08:34,628 - __main__ - INFO - Epoch 342: Val Loss = 0.0233 (Recon: 0.0138, KL: 0.9569)
2025-10-02 16:08:35,030 - __main__ - INFO - Epoch 343: Train Loss = 0.0529 (Recon: 0.0133, KL: 3.9660)
2025-10-02 16:08:35,278 - __main__ - INFO - Epoch 343: Val Loss = 0.0231 (Recon: 0.0138, KL: 0.9308)
2025-10-02 16:08:35,596 - __main__ - INFO - Epoch 344: Train Loss = 0.0650 (Recon: 0.0133, KL: 5.1698)
2025-10-02 16:08:35,904 - __main__ - INFO - Epoch 344: Val Loss = 0.0232 (Recon: 0.0137, KL: 0.9437)
2025-10-02 16:08:36,245 - __main__ - INFO - Epoch 345: Train Loss = 0.0676 (Recon: 0.0131, KL: 5.4505)
2025-10-02 16:08:36,548 - __main__ - INFO - Epoch 345: Val Loss = 0.0235 (Recon: 0.0137, KL: 0.9846)
2025-10-02 16:08:36,900 - __main__ - INFO - Epoch 346: Train Loss = 0.0663 (Recon: 0.0132, KL: 5.3073)
2025-10-02 16:08:37,206 - __main__ - INFO - Epoch 346: Val Loss = 0.0236 (Recon: 0.0137, KL: 0.9830)
2025-10-02 16:08:37,599 - __main__ - INFO - Epoch 347: Train Loss = 0.0550 (Recon: 0.0133, KL: 4.1700)
2025-10-02 16:08:37,935 - __main__ - INFO - Epoch 347: Val Loss = 0.0232 (Recon: 0.0137, KL: 0.9472)
2025-10-02 16:08:38,268 - __main__ - INFO - Epoch 348: Train Loss = 0.0508 (Recon: 0.0132, KL: 3.7607)
2025-10-02 16:08:38,523 - __main__ - INFO - Epoch 348: Val Loss = 0.0227 (Recon: 0.0136, KL: 0.9072)
2025-10-02 16:08:38,801 - __main__ - INFO - Epoch 349: Train Loss = 0.0529 (Recon: 0.0132, KL: 3.9699)
2025-10-02 16:08:39,004 - __main__ - INFO - Epoch 349: Val Loss = 0.0225 (Recon: 0.0137, KL: 0.8818)
2025-10-02 16:08:39,288 - __main__ - INFO - Epoch 350: Train Loss = 0.0538 (Recon: 0.0133, KL: 4.0537)
2025-10-02 16:08:39,494 - __main__ - INFO - Epoch 350: Val Loss = 0.0224 (Recon: 0.0137, KL: 0.8696)
2025-10-02 16:10:03,263 - __main__ - INFO - Epoch 351: Train Loss = 0.0518 (Recon: 0.0133, KL: 3.8520)
2025-10-02 16:10:03,459 - __main__ - INFO - Epoch 351: Val Loss = 0.0222 (Recon: 0.0137, KL: 0.8484)
2025-10-02 16:10:48,296 - __main__ - INFO - Epoch 352: Train Loss = 0.0544 (Recon: 0.0132, KL: 4.1205)
2025-10-02 16:10:48,543 - __main__ - INFO - Epoch 352: Val Loss = 0.0220 (Recon: 0.0136, KL: 0.8461)
2025-10-02 16:11:50,641 - __main__ - INFO - Epoch 353: Train Loss = 0.0518 (Recon: 0.0132, KL: 3.8585)
2025-10-02 16:11:50,998 - __main__ - INFO - Epoch 353: Val Loss = 0.0221 (Recon: 0.0138, KL: 0.8353)
2025-10-02 16:11:51,393 - __main__ - INFO - Epoch 354: Train Loss = 0.0605 (Recon: 0.0132, KL: 4.7334)
2025-10-02 16:11:51,622 - __main__ - INFO - Epoch 354: Val Loss = 0.0225 (Recon: 0.0137, KL: 0.8736)
2025-10-02 16:11:51,914 - __main__ - INFO - Epoch 355: Train Loss = 0.0527 (Recon: 0.0131, KL: 3.9590)
2025-10-02 16:11:52,153 - __main__ - INFO - Epoch 355: Val Loss = 0.0223 (Recon: 0.0137, KL: 0.8587)
2025-10-02 16:11:52,482 - __main__ - INFO - Epoch 356: Train Loss = 0.0507 (Recon: 0.0133, KL: 3.7458)
2025-10-02 16:11:52,719 - __main__ - INFO - Epoch 356: Val Loss = 0.0222 (Recon: 0.0137, KL: 0.8505)
2025-10-02 16:11:53,030 - __main__ - INFO - Epoch 357: Train Loss = 0.0586 (Recon: 0.0130, KL: 4.5549)
2025-10-02 16:11:53,258 - __main__ - INFO - Epoch 357: Val Loss = 0.0222 (Recon: 0.0137, KL: 0.8507)
2025-10-02 16:11:53,575 - __main__ - INFO - Epoch 358: Train Loss = 0.0500 (Recon: 0.0132, KL: 3.6821)
2025-10-02 16:11:53,805 - __main__ - INFO - Epoch 358: Val Loss = 0.0221 (Recon: 0.0138, KL: 0.8334)
2025-10-02 16:11:54,124 - __main__ - INFO - Epoch 359: Train Loss = 0.0635 (Recon: 0.0132, KL: 5.0284)
2025-10-02 16:11:54,354 - __main__ - INFO - Epoch 359: Val Loss = 0.0221 (Recon: 0.0137, KL: 0.8442)
2025-10-02 16:11:54,667 - __main__ - INFO - Epoch 360: Train Loss = 0.0519 (Recon: 0.0132, KL: 3.8677)
2025-10-02 16:11:54,905 - __main__ - INFO - Epoch 360: Val Loss = 0.0220 (Recon: 0.0137, KL: 0.8297)
