2025-10-02 15:47:24,393 - __main__ - INFO - Creating data loaders...
2025-10-02 15:47:24,393 - data.dataloader - INFO - Creating train and validation dataloaders
2025-10-02 15:47:24,412 - data.dataloader - INFO - Found 80 data files
2025-10-02 15:47:24,434 - data.dataloader - INFO - Loaded 4 samples from ./data/params/01105.pkl
2025-10-02 15:47:24,461 - data.dataloader - INFO - Loaded 4 samples from ./data/params/01109.pkl
2025-10-02 15:47:24,487 - data.dataloader - INFO - Loaded 4 samples from ./data/params/01210.pkl
2025-10-02 15:47:24,517 - data.dataloader - INFO - Loaded 4 samples from ./data/params/01276.pkl
2025-10-02 15:47:24,545 - data.dataloader - INFO - Loaded 4 samples from ./data/params/01362.pkl
2025-10-02 15:47:24,595 - data.dataloader - INFO - Loaded 4 samples from ./data/params/01450.pkl
2025-10-02 15:47:24,634 - data.dataloader - INFO - Loaded 4 samples from ./data/params/01480.pkl
2025-10-02 15:47:24,671 - data.dataloader - INFO - Loaded 4 samples from ./data/params/01545.pkl
2025-10-02 15:47:24,700 - data.dataloader - INFO - Loaded 4 samples from ./data/params/01647.pkl
2025-10-02 15:47:24,727 - data.dataloader - INFO - Loaded 4 samples from ./data/params/01649.pkl
2025-10-02 15:47:24,761 - data.dataloader - INFO - Loaded 4 samples from ./data/params/01781.pkl
2025-10-02 15:47:24,803 - data.dataloader - INFO - Loaded 4 samples from ./data/params/01878.pkl
2025-10-02 15:47:24,838 - data.dataloader - INFO - Loaded 4 samples from ./data/params/01889.pkl
2025-10-02 15:47:24,878 - data.dataloader - INFO - Loaded 4 samples from ./data/params/01990.pkl
2025-10-02 15:47:24,926 - data.dataloader - INFO - Loaded 4 samples from ./data/params/02220.pkl
2025-10-02 15:47:24,965 - data.dataloader - INFO - Loaded 4 samples from ./data/params/02245.pkl
2025-10-02 15:47:24,996 - data.dataloader - INFO - Loaded 4 samples from ./data/params/02303.pkl
2025-10-02 15:47:25,033 - data.dataloader - INFO - Loaded 4 samples from ./data/params/02311.pkl
2025-10-02 15:47:25,069 - data.dataloader - INFO - Loaded 4 samples from ./data/params/02389.pkl
2025-10-02 15:47:25,112 - data.dataloader - INFO - Loaded 4 samples from ./data/params/02397.pkl
2025-10-02 15:47:25,150 - data.dataloader - INFO - Loaded 4 samples from ./data/params/02515.pkl
2025-10-02 15:47:25,179 - data.dataloader - INFO - Loaded 4 samples from ./data/params/02707.pkl
2025-10-02 15:47:25,234 - data.dataloader - INFO - Loaded 4 samples from ./data/params/02728.pkl
2025-10-02 15:47:25,267 - data.dataloader - INFO - Loaded 4 samples from ./data/params/02825.pkl
2025-10-02 15:47:25,303 - data.dataloader - INFO - Loaded 4 samples from ./data/params/03325.pkl
2025-10-02 15:47:25,336 - data.dataloader - INFO - Loaded 4 samples from ./data/params/03580.pkl
2025-10-02 15:47:25,381 - data.dataloader - INFO - Loaded 4 samples from ./data/params/03669.pkl
2025-10-02 15:47:25,426 - data.dataloader - INFO - Loaded 4 samples from ./data/params/03701.pkl
2025-10-02 15:47:25,459 - data.dataloader - INFO - Loaded 4 samples from ./data/params/03780.pkl
2025-10-02 15:47:25,493 - data.dataloader - INFO - Loaded 4 samples from ./data/params/03792.pkl
2025-10-02 15:47:25,527 - data.dataloader - INFO - Loaded 4 samples from ./data/params/03852.pkl
2025-10-02 15:47:25,576 - data.dataloader - INFO - Loaded 4 samples from ./data/params/04266.pkl
2025-10-02 15:47:25,631 - data.dataloader - INFO - Loaded 4 samples from ./data/params/04301.pkl
2025-10-02 15:47:25,674 - data.dataloader - INFO - Loaded 4 samples from ./data/params/04327.pkl
2025-10-02 15:47:25,717 - data.dataloader - INFO - Loaded 4 samples from ./data/params/04402.pkl
2025-10-02 15:47:25,755 - data.dataloader - INFO - Loaded 4 samples from ./data/params/04493.pkl
2025-10-02 15:47:25,790 - data.dataloader - INFO - Loaded 4 samples from ./data/params/04670.pkl
2025-10-02 15:47:25,851 - data.dataloader - INFO - Loaded 4 samples from ./data/params/04757.pkl
2025-10-02 15:47:25,906 - data.dataloader - INFO - Loaded 4 samples from ./data/params/04786.pkl
2025-10-02 15:47:25,943 - data.dataloader - INFO - Loaded 4 samples from ./data/params/05075.pkl
2025-10-02 15:47:25,971 - data.dataloader - INFO - Loaded 4 samples from ./data/params/05184.pkl
2025-10-02 15:47:26,001 - data.dataloader - INFO - Loaded 4 samples from ./data/params/05221.pkl
2025-10-02 15:47:26,045 - data.dataloader - INFO - Loaded 4 samples from ./data/params/05295.pkl
2025-10-02 15:47:26,098 - data.dataloader - INFO - Loaded 4 samples from ./data/params/05489.pkl
2025-10-02 15:47:26,151 - data.dataloader - INFO - Loaded 4 samples from ./data/params/05617.pkl
2025-10-02 15:47:26,210 - data.dataloader - INFO - Loaded 4 samples from ./data/params/05630.pkl
2025-10-02 15:47:26,251 - data.dataloader - INFO - Loaded 4 samples from ./data/params/05658.pkl
2025-10-02 15:47:26,290 - data.dataloader - INFO - Loaded 4 samples from ./data/params/05696.pkl
2025-10-02 15:47:26,331 - data.dataloader - INFO - Loaded 4 samples from ./data/params/05701.pkl
2025-10-02 15:47:26,354 - data.dataloader - INFO - Loaded 4 samples from ./data/params/05886.pkl
2025-10-02 15:47:26,380 - data.dataloader - INFO - Loaded 4 samples from ./data/params/06179.pkl
2025-10-02 15:47:26,410 - data.dataloader - INFO - Loaded 4 samples from ./data/params/06204.pkl
2025-10-02 15:47:26,458 - data.dataloader - INFO - Loaded 4 samples from ./data/params/06265.pkl
2025-10-02 15:47:26,514 - data.dataloader - INFO - Loaded 4 samples from ./data/params/06268.pkl
2025-10-02 15:47:26,570 - data.dataloader - INFO - Loaded 4 samples from ./data/params/06401.pkl
2025-10-02 15:47:26,626 - data.dataloader - INFO - Loaded 4 samples from ./data/params/06425.pkl
2025-10-02 15:47:26,663 - data.dataloader - INFO - Loaded 4 samples from ./data/params/06518.pkl
2025-10-02 15:47:26,700 - data.dataloader - INFO - Loaded 4 samples from ./data/params/06566.pkl
2025-10-02 15:47:26,741 - data.dataloader - INFO - Loaded 4 samples from ./data/params/06736.pkl
2025-10-02 15:47:26,782 - data.dataloader - INFO - Loaded 4 samples from ./data/params/06802.pkl
2025-10-02 15:47:26,811 - data.dataloader - INFO - Loaded 4 samples from ./data/params/06949.pkl
2025-10-02 15:47:26,833 - data.dataloader - INFO - Loaded 4 samples from ./data/params/07078.pkl
2025-10-02 15:47:26,860 - data.dataloader - INFO - Loaded 4 samples from ./data/params/07145.pkl
2025-10-02 15:47:26,898 - data.dataloader - INFO - Loaded 4 samples from ./data/params/07342.pkl
2025-10-02 15:47:26,971 - data.dataloader - INFO - Loaded 4 samples from ./data/params/07419.pkl
2025-10-02 15:47:27,023 - data.dataloader - INFO - Loaded 4 samples from ./data/params/07563.pkl
2025-10-02 15:47:27,060 - data.dataloader - INFO - Loaded 4 samples from ./data/params/07894.pkl
2025-10-02 15:47:27,093 - data.dataloader - INFO - Loaded 4 samples from ./data/params/08122.pkl
2025-10-02 15:47:27,125 - data.dataloader - INFO - Loaded 4 samples from ./data/params/08276.pkl
2025-10-02 15:47:27,178 - data.dataloader - INFO - Loaded 4 samples from ./data/params/08448.pkl
2025-10-02 15:47:27,233 - data.dataloader - INFO - Loaded 4 samples from ./data/params/08523.pkl
2025-10-02 15:47:27,261 - data.dataloader - INFO - Loaded 4 samples from ./data/params/08532.pkl
2025-10-02 15:47:27,289 - data.dataloader - INFO - Loaded 4 samples from ./data/params/08671.pkl
2025-10-02 15:47:27,315 - data.dataloader - INFO - Loaded 4 samples from ./data/params/08718.pkl
2025-10-02 15:47:27,355 - data.dataloader - INFO - Loaded 4 samples from ./data/params/08770.pkl
2025-10-02 15:47:27,409 - data.dataloader - INFO - Loaded 4 samples from ./data/params/08865.pkl
2025-10-02 15:47:27,465 - data.dataloader - INFO - Loaded 4 samples from ./data/params/08882.pkl
2025-10-02 15:47:27,499 - data.dataloader - INFO - Loaded 4 samples from ./data/params/08927.pkl
2025-10-02 15:47:27,537 - data.dataloader - INFO - Loaded 4 samples from ./data/params/09068.pkl
2025-10-02 15:47:27,592 - data.dataloader - INFO - Loaded 4 samples from ./data/params/09121.pkl
2025-10-02 15:47:27,601 - data.dataloader - INFO - Total samples: 320
2025-10-02 15:47:27,602 - data.dataloader - INFO - Train samples: 288, Val samples: 32
2025-10-02 15:47:28,007 - data.dataloader - INFO - Saved split data to ./data/temp_split
2025-10-02 15:47:28,008 - data.dataloader - INFO - Creating training dataloader for ./data/temp_split/train_data.pkl
2025-10-02 15:47:28,724 - data.dataloader - INFO - Processed 72 groups from list data (4 elements per group)
2025-10-02 15:47:28,764 - data.dataloader - INFO - Data statistics - Mean: -0.0001, Std: 0.0448, Range: [-0.7502, 0.6851]
2025-10-02 15:47:28,766 - data.dataloader - INFO - Loaded dataset with 72 samples from ./data/temp_split/train_data.pkl
2025-10-02 15:47:28,771 - data.dataloader - INFO - Creating validation dataloader for ./data/temp_split/val_data.pkl
2025-10-02 15:47:28,791 - data.dataloader - INFO - Processed 8 groups from list data (4 elements per group)
2025-10-02 15:47:28,794 - data.dataloader - INFO - Data statistics - Mean: 0.0003, Std: 0.0444, Range: [-0.6148, 0.7837]
2025-10-02 15:47:28,795 - data.dataloader - INFO - Loaded dataset with 8 samples from ./data/temp_split/val_data.pkl
2025-10-02 15:47:28,799 - __main__ - INFO - Creating VAE trainer...
2025-10-02 15:47:32,292 - __main__ - INFO - VAE Trainer initialized
2025-10-02 15:47:32,292 - __main__ - INFO - Starting VAE training...
2025-10-02 15:47:35,165 - __main__ - INFO - Epoch 0: Train Loss = 1.6206 (Recon: 0.0286, KL: 159.1961)
2025-10-02 15:47:35,567 - __main__ - INFO - Epoch 0: Val Loss = 0.0222 (Recon: 0.0157, KL: 0.6473)
2025-10-02 15:48:32,645 - __main__ - INFO - Creating data loaders...
2025-10-02 15:48:32,645 - data.dataloader - INFO - Creating train and validation dataloaders
2025-10-02 15:48:32,646 - data.dataloader - INFO - Found 80 data files
2025-10-02 15:48:32,649 - data.dataloader - INFO - Loaded 4 samples from ./data/params/01105.pkl
2025-10-02 15:48:32,650 - data.dataloader - INFO - Loaded 4 samples from ./data/params/01109.pkl
2025-10-02 15:48:32,652 - data.dataloader - INFO - Loaded 4 samples from ./data/params/01210.pkl
2025-10-02 15:48:32,654 - data.dataloader - INFO - Loaded 4 samples from ./data/params/01276.pkl
2025-10-02 15:48:32,655 - data.dataloader - INFO - Loaded 4 samples from ./data/params/01362.pkl
2025-10-02 15:48:32,657 - data.dataloader - INFO - Loaded 4 samples from ./data/params/01450.pkl
2025-10-02 15:48:32,658 - data.dataloader - INFO - Loaded 4 samples from ./data/params/01480.pkl
2025-10-02 15:48:32,660 - data.dataloader - INFO - Loaded 4 samples from ./data/params/01545.pkl
2025-10-02 15:48:32,661 - data.dataloader - INFO - Loaded 4 samples from ./data/params/01647.pkl
2025-10-02 15:48:32,662 - data.dataloader - INFO - Loaded 4 samples from ./data/params/01649.pkl
2025-10-02 15:48:32,664 - data.dataloader - INFO - Loaded 4 samples from ./data/params/01781.pkl
2025-10-02 15:48:32,666 - data.dataloader - INFO - Loaded 4 samples from ./data/params/01878.pkl
2025-10-02 15:48:32,667 - data.dataloader - INFO - Loaded 4 samples from ./data/params/01889.pkl
2025-10-02 15:48:32,669 - data.dataloader - INFO - Loaded 4 samples from ./data/params/01990.pkl
2025-10-02 15:48:32,670 - data.dataloader - INFO - Loaded 4 samples from ./data/params/02220.pkl
2025-10-02 15:48:32,672 - data.dataloader - INFO - Loaded 4 samples from ./data/params/02245.pkl
2025-10-02 15:48:32,673 - data.dataloader - INFO - Loaded 4 samples from ./data/params/02303.pkl
2025-10-02 15:48:32,675 - data.dataloader - INFO - Loaded 4 samples from ./data/params/02311.pkl
2025-10-02 15:48:32,676 - data.dataloader - INFO - Loaded 4 samples from ./data/params/02389.pkl
2025-10-02 15:48:32,678 - data.dataloader - INFO - Loaded 4 samples from ./data/params/02397.pkl
2025-10-02 15:48:32,679 - data.dataloader - INFO - Loaded 4 samples from ./data/params/02515.pkl
2025-10-02 15:48:32,681 - data.dataloader - INFO - Loaded 4 samples from ./data/params/02707.pkl
2025-10-02 15:48:32,683 - data.dataloader - INFO - Loaded 4 samples from ./data/params/02728.pkl
2025-10-02 15:48:32,684 - data.dataloader - INFO - Loaded 4 samples from ./data/params/02825.pkl
2025-10-02 15:48:32,685 - data.dataloader - INFO - Loaded 4 samples from ./data/params/03325.pkl
2025-10-02 15:48:32,687 - data.dataloader - INFO - Loaded 4 samples from ./data/params/03580.pkl
2025-10-02 15:48:32,688 - data.dataloader - INFO - Loaded 4 samples from ./data/params/03669.pkl
2025-10-02 15:48:32,690 - data.dataloader - INFO - Loaded 4 samples from ./data/params/03701.pkl
2025-10-02 15:48:32,691 - data.dataloader - INFO - Loaded 4 samples from ./data/params/03780.pkl
2025-10-02 15:48:32,693 - data.dataloader - INFO - Loaded 4 samples from ./data/params/03792.pkl
2025-10-02 15:48:32,694 - data.dataloader - INFO - Loaded 4 samples from ./data/params/03852.pkl
2025-10-02 15:48:32,696 - data.dataloader - INFO - Loaded 4 samples from ./data/params/04266.pkl
2025-10-02 15:48:32,697 - data.dataloader - INFO - Loaded 4 samples from ./data/params/04301.pkl
2025-10-02 15:48:32,699 - data.dataloader - INFO - Loaded 4 samples from ./data/params/04327.pkl
2025-10-02 15:48:32,700 - data.dataloader - INFO - Loaded 4 samples from ./data/params/04402.pkl
2025-10-02 15:48:32,702 - data.dataloader - INFO - Loaded 4 samples from ./data/params/04493.pkl
2025-10-02 15:48:32,703 - data.dataloader - INFO - Loaded 4 samples from ./data/params/04670.pkl
2025-10-02 15:48:32,705 - data.dataloader - INFO - Loaded 4 samples from ./data/params/04757.pkl
2025-10-02 15:48:32,706 - data.dataloader - INFO - Loaded 4 samples from ./data/params/04786.pkl
2025-10-02 15:48:32,707 - data.dataloader - INFO - Loaded 4 samples from ./data/params/05075.pkl
2025-10-02 15:48:32,709 - data.dataloader - INFO - Loaded 4 samples from ./data/params/05184.pkl
2025-10-02 15:48:32,710 - data.dataloader - INFO - Loaded 4 samples from ./data/params/05221.pkl
2025-10-02 15:48:32,711 - data.dataloader - INFO - Loaded 4 samples from ./data/params/05295.pkl
2025-10-02 15:48:32,713 - data.dataloader - INFO - Loaded 4 samples from ./data/params/05489.pkl
2025-10-02 15:48:32,714 - data.dataloader - INFO - Loaded 4 samples from ./data/params/05617.pkl
2025-10-02 15:48:32,716 - data.dataloader - INFO - Loaded 4 samples from ./data/params/05630.pkl
2025-10-02 15:48:32,717 - data.dataloader - INFO - Loaded 4 samples from ./data/params/05658.pkl
2025-10-02 15:48:32,718 - data.dataloader - INFO - Loaded 4 samples from ./data/params/05696.pkl
2025-10-02 15:48:32,720 - data.dataloader - INFO - Loaded 4 samples from ./data/params/05701.pkl
2025-10-02 15:48:32,721 - data.dataloader - INFO - Loaded 4 samples from ./data/params/05886.pkl
2025-10-02 15:48:32,722 - data.dataloader - INFO - Loaded 4 samples from ./data/params/06179.pkl
2025-10-02 15:48:32,724 - data.dataloader - INFO - Loaded 4 samples from ./data/params/06204.pkl
2025-10-02 15:48:32,725 - data.dataloader - INFO - Loaded 4 samples from ./data/params/06265.pkl
2025-10-02 15:48:32,726 - data.dataloader - INFO - Loaded 4 samples from ./data/params/06268.pkl
2025-10-02 15:48:32,728 - data.dataloader - INFO - Loaded 4 samples from ./data/params/06401.pkl
2025-10-02 15:48:32,729 - data.dataloader - INFO - Loaded 4 samples from ./data/params/06425.pkl
2025-10-02 15:48:32,730 - data.dataloader - INFO - Loaded 4 samples from ./data/params/06518.pkl
2025-10-02 15:48:32,732 - data.dataloader - INFO - Loaded 4 samples from ./data/params/06566.pkl
2025-10-02 15:48:32,733 - data.dataloader - INFO - Loaded 4 samples from ./data/params/06736.pkl
2025-10-02 15:48:32,735 - data.dataloader - INFO - Loaded 4 samples from ./data/params/06802.pkl
2025-10-02 15:48:32,736 - data.dataloader - INFO - Loaded 4 samples from ./data/params/06949.pkl
2025-10-02 15:48:32,737 - data.dataloader - INFO - Loaded 4 samples from ./data/params/07078.pkl
2025-10-02 15:48:32,739 - data.dataloader - INFO - Loaded 4 samples from ./data/params/07145.pkl
2025-10-02 15:48:32,740 - data.dataloader - INFO - Loaded 4 samples from ./data/params/07342.pkl
2025-10-02 15:48:32,741 - data.dataloader - INFO - Loaded 4 samples from ./data/params/07419.pkl
2025-10-02 15:48:32,743 - data.dataloader - INFO - Loaded 4 samples from ./data/params/07563.pkl
2025-10-02 15:48:32,744 - data.dataloader - INFO - Loaded 4 samples from ./data/params/07894.pkl
2025-10-02 15:48:32,745 - data.dataloader - INFO - Loaded 4 samples from ./data/params/08122.pkl
2025-10-02 15:48:32,746 - data.dataloader - INFO - Loaded 4 samples from ./data/params/08276.pkl
2025-10-02 15:48:32,748 - data.dataloader - INFO - Loaded 4 samples from ./data/params/08448.pkl
2025-10-02 15:48:32,749 - data.dataloader - INFO - Loaded 4 samples from ./data/params/08523.pkl
2025-10-02 15:48:32,750 - data.dataloader - INFO - Loaded 4 samples from ./data/params/08532.pkl
2025-10-02 15:48:32,752 - data.dataloader - INFO - Loaded 4 samples from ./data/params/08671.pkl
2025-10-02 15:48:32,753 - data.dataloader - INFO - Loaded 4 samples from ./data/params/08718.pkl
2025-10-02 15:48:32,754 - data.dataloader - INFO - Loaded 4 samples from ./data/params/08770.pkl
2025-10-02 15:48:32,756 - data.dataloader - INFO - Loaded 4 samples from ./data/params/08865.pkl
2025-10-02 15:48:32,757 - data.dataloader - INFO - Loaded 4 samples from ./data/params/08882.pkl
2025-10-02 15:48:32,758 - data.dataloader - INFO - Loaded 4 samples from ./data/params/08927.pkl
2025-10-02 15:48:32,760 - data.dataloader - INFO - Loaded 4 samples from ./data/params/09068.pkl
2025-10-02 15:48:32,761 - data.dataloader - INFO - Loaded 4 samples from ./data/params/09121.pkl
2025-10-02 15:48:32,761 - data.dataloader - INFO - Total samples: 320
2025-10-02 15:48:32,762 - data.dataloader - INFO - Train samples: 288, Val samples: 32
2025-10-02 15:48:32,997 - data.dataloader - INFO - Saved split data to ./data/temp_split
2025-10-02 15:48:32,997 - data.dataloader - INFO - Creating training dataloader for ./data/temp_split/train_data.pkl
2025-10-02 15:48:33,182 - data.dataloader - INFO - Processed 72 groups from list data (4 elements per group)
2025-10-02 15:48:33,217 - data.dataloader - INFO - Data statistics - Mean: -0.0001, Std: 0.0448, Range: [-0.7502, 0.6851]
2025-10-02 15:48:33,219 - data.dataloader - INFO - Loaded dataset with 72 samples from ./data/temp_split/train_data.pkl
2025-10-02 15:48:33,220 - data.dataloader - INFO - Creating validation dataloader for ./data/temp_split/val_data.pkl
2025-10-02 15:48:33,223 - data.dataloader - INFO - Processed 8 groups from list data (4 elements per group)
2025-10-02 15:48:33,225 - data.dataloader - INFO - Data statistics - Mean: 0.0003, Std: 0.0444, Range: [-0.6148, 0.7837]
2025-10-02 15:48:33,225 - data.dataloader - INFO - Loaded dataset with 8 samples from ./data/temp_split/val_data.pkl
2025-10-02 15:48:33,225 - __main__ - INFO - Creating VAE trainer...
2025-10-02 15:48:35,952 - __main__ - INFO - VAE Trainer initialized
2025-10-02 15:48:35,952 - __main__ - INFO - Starting VAE training...
2025-10-02 15:48:37,592 - __main__ - INFO - Epoch 0: Train Loss = 1.6466 (Recon: 0.0285, KL: 161.8068)
2025-10-02 15:48:37,740 - __main__ - INFO - Epoch 0: Val Loss = 0.0225 (Recon: 0.0159, KL: 0.6524)
2025-10-02 15:49:24,630 - __main__ - INFO - Epoch 1: Train Loss = 1.5338 (Recon: 0.0262, KL: 150.7611)
2025-10-02 15:49:24,764 - __main__ - INFO - Epoch 1: Val Loss = 0.0322 (Recon: 0.0157, KL: 1.6511)
2025-10-02 15:49:24,996 - __main__ - INFO - Epoch 2: Train Loss = 1.3200 (Recon: 0.0256, KL: 129.4408)
2025-10-02 15:49:25,126 - __main__ - INFO - Epoch 2: Val Loss = 0.0431 (Recon: 0.0159, KL: 2.7123)
2025-10-02 15:49:25,329 - __main__ - INFO - Epoch 3: Train Loss = 1.1461 (Recon: 0.0254, KL: 112.0745)
2025-10-02 15:49:25,486 - __main__ - INFO - Epoch 3: Val Loss = 0.0527 (Recon: 0.0162, KL: 3.6511)
2025-10-02 15:49:25,721 - __main__ - INFO - Epoch 4: Train Loss = 1.0139 (Recon: 0.0251, KL: 98.8806)
2025-10-02 15:49:25,861 - __main__ - INFO - Epoch 4: Val Loss = 0.0604 (Recon: 0.0165, KL: 4.3903)
2025-10-02 15:49:26,087 - __main__ - INFO - Epoch 5: Train Loss = 0.9342 (Recon: 0.0246, KL: 90.9553)
2025-10-02 15:49:26,226 - __main__ - INFO - Epoch 5: Val Loss = 0.0667 (Recon: 0.0168, KL: 4.9884)
2025-10-02 15:49:26,438 - __main__ - INFO - Epoch 6: Train Loss = 0.8529 (Recon: 0.0241, KL: 82.8831)
2025-10-02 15:49:26,579 - __main__ - INFO - Epoch 6: Val Loss = 0.0707 (Recon: 0.0165, KL: 5.4171)
2025-10-02 15:49:26,793 - __main__ - INFO - Epoch 7: Train Loss = 0.7886 (Recon: 0.0235, KL: 76.5105)
2025-10-02 15:49:26,924 - __main__ - INFO - Epoch 7: Val Loss = 0.0749 (Recon: 0.0173, KL: 5.7655)
2025-10-02 15:49:27,154 - __main__ - INFO - Epoch 8: Train Loss = 0.7341 (Recon: 0.0232, KL: 71.0850)
2025-10-02 15:49:27,287 - __main__ - INFO - Epoch 8: Val Loss = 0.0772 (Recon: 0.0171, KL: 6.0033)
2025-10-02 15:49:27,499 - __main__ - INFO - Epoch 9: Train Loss = 0.6938 (Recon: 0.0228, KL: 67.0973)
2025-10-02 15:49:27,641 - __main__ - INFO - Epoch 9: Val Loss = 0.0784 (Recon: 0.0171, KL: 6.1344)
2025-10-02 15:49:27,865 - __main__ - INFO - Epoch 10: Train Loss = 0.6465 (Recon: 0.0226, KL: 62.3834)
2025-10-02 15:49:28,006 - __main__ - INFO - Epoch 10: Val Loss = 0.0803 (Recon: 0.0174, KL: 6.2890)
2025-10-02 15:49:43,104 - __main__ - INFO - Epoch 11: Train Loss = 0.6108 (Recon: 0.0222, KL: 58.8641)
2025-10-02 15:49:43,239 - __main__ - INFO - Epoch 11: Val Loss = 0.0818 (Recon: 0.0178, KL: 6.4028)
2025-10-02 15:49:43,460 - __main__ - INFO - Epoch 12: Train Loss = 0.5892 (Recon: 0.0220, KL: 56.7248)
2025-10-02 15:49:43,594 - __main__ - INFO - Epoch 12: Val Loss = 0.0826 (Recon: 0.0179, KL: 6.4639)
2025-10-02 15:49:43,804 - __main__ - INFO - Epoch 13: Train Loss = 0.5630 (Recon: 0.0216, KL: 54.1349)
2025-10-02 15:49:43,943 - __main__ - INFO - Epoch 13: Val Loss = 0.0831 (Recon: 0.0174, KL: 6.5638)
2025-10-02 15:49:44,163 - __main__ - INFO - Epoch 14: Train Loss = 0.5479 (Recon: 0.0215, KL: 52.6460)
2025-10-02 15:49:44,296 - __main__ - INFO - Epoch 14: Val Loss = 0.0843 (Recon: 0.0178, KL: 6.6528)
2025-10-02 15:49:44,509 - __main__ - INFO - Epoch 15: Train Loss = 0.5204 (Recon: 0.0214, KL: 49.9031)
2025-10-02 15:49:44,653 - __main__ - INFO - Epoch 15: Val Loss = 0.0849 (Recon: 0.0177, KL: 6.7227)
2025-10-02 15:49:44,870 - __main__ - INFO - Epoch 16: Train Loss = 0.5022 (Recon: 0.0209, KL: 48.1238)
2025-10-02 15:49:45,002 - __main__ - INFO - Epoch 16: Val Loss = 0.0863 (Recon: 0.0182, KL: 6.8101)
2025-10-02 15:49:45,219 - __main__ - INFO - Epoch 17: Train Loss = 0.4770 (Recon: 0.0207, KL: 45.6317)
2025-10-02 15:49:45,356 - __main__ - INFO - Epoch 17: Val Loss = 0.0866 (Recon: 0.0178, KL: 6.8733)
2025-10-02 15:49:45,572 - __main__ - INFO - Epoch 18: Train Loss = 0.4648 (Recon: 0.0205, KL: 44.4281)
2025-10-02 15:49:45,713 - __main__ - INFO - Epoch 18: Val Loss = 0.0868 (Recon: 0.0177, KL: 6.9117)
2025-10-02 15:49:45,928 - __main__ - INFO - Epoch 19: Train Loss = 0.4657 (Recon: 0.0203, KL: 44.5327)
2025-10-02 15:49:46,067 - __main__ - INFO - Epoch 19: Val Loss = 0.0875 (Recon: 0.0180, KL: 6.9454)
2025-10-02 15:49:46,299 - __main__ - INFO - Epoch 20: Train Loss = 0.4468 (Recon: 0.0202, KL: 42.6611)
2025-10-02 15:49:46,427 - __main__ - INFO - Epoch 20: Val Loss = 0.0872 (Recon: 0.0173, KL: 6.9946)
2025-10-02 15:50:01,521 - __main__ - INFO - Epoch 21: Train Loss = 0.4290 (Recon: 0.0198, KL: 40.9207)
2025-10-02 15:50:01,652 - __main__ - INFO - Epoch 21: Val Loss = 0.0872 (Recon: 0.0172, KL: 7.0003)
2025-10-02 15:50:01,877 - __main__ - INFO - Epoch 22: Train Loss = 0.4154 (Recon: 0.0196, KL: 39.5728)
2025-10-02 15:50:02,029 - __main__ - INFO - Epoch 22: Val Loss = 0.0877 (Recon: 0.0174, KL: 7.0306)
2025-10-02 15:50:02,261 - __main__ - INFO - Epoch 23: Train Loss = 0.4120 (Recon: 0.0197, KL: 39.2354)
2025-10-02 15:50:02,399 - __main__ - INFO - Epoch 23: Val Loss = 0.0881 (Recon: 0.0179, KL: 7.0218)
2025-10-02 15:50:02,619 - __main__ - INFO - Epoch 24: Train Loss = 0.4115 (Recon: 0.0194, KL: 39.2078)
2025-10-02 15:50:02,746 - __main__ - INFO - Epoch 24: Val Loss = 0.0874 (Recon: 0.0175, KL: 6.9836)
2025-10-02 15:50:02,969 - __main__ - INFO - Epoch 25: Train Loss = 0.3988 (Recon: 0.0192, KL: 37.9597)
2025-10-02 15:50:03,107 - __main__ - INFO - Epoch 25: Val Loss = 0.0871 (Recon: 0.0175, KL: 6.9619)
2025-10-02 15:50:03,325 - __main__ - INFO - Epoch 26: Train Loss = 0.3888 (Recon: 0.0191, KL: 36.9726)
2025-10-02 15:50:03,457 - __main__ - INFO - Epoch 26: Val Loss = 0.0863 (Recon: 0.0173, KL: 6.9049)
2025-10-02 15:50:03,675 - __main__ - INFO - Epoch 27: Train Loss = 0.3859 (Recon: 0.0192, KL: 36.6694)
2025-10-02 15:50:03,808 - __main__ - INFO - Epoch 27: Val Loss = 0.0867 (Recon: 0.0176, KL: 6.9149)
2025-10-02 15:50:04,029 - __main__ - INFO - Epoch 28: Train Loss = 0.3742 (Recon: 0.0188, KL: 35.5428)
2025-10-02 15:50:04,154 - __main__ - INFO - Epoch 28: Val Loss = 0.0874 (Recon: 0.0176, KL: 6.9785)
2025-10-02 15:50:04,375 - __main__ - INFO - Epoch 29: Train Loss = 0.3720 (Recon: 0.0188, KL: 35.3171)
2025-10-02 15:50:04,515 - __main__ - INFO - Epoch 29: Val Loss = 0.0867 (Recon: 0.0173, KL: 6.9490)
2025-10-02 15:50:04,736 - __main__ - INFO - Epoch 30: Train Loss = 0.3664 (Recon: 0.0185, KL: 34.7920)
2025-10-02 15:50:04,871 - __main__ - INFO - Epoch 30: Val Loss = 0.0859 (Recon: 0.0169, KL: 6.9011)
2025-10-02 15:50:20,073 - __main__ - INFO - Epoch 31: Train Loss = 0.3581 (Recon: 0.0183, KL: 33.9797)
2025-10-02 15:50:20,225 - __main__ - INFO - Epoch 31: Val Loss = 0.0855 (Recon: 0.0170, KL: 6.8541)
2025-10-02 15:50:20,612 - __main__ - INFO - Epoch 32: Train Loss = 0.3498 (Recon: 0.0183, KL: 33.1458)
2025-10-02 15:50:20,758 - __main__ - INFO - Epoch 32: Val Loss = 0.0856 (Recon: 0.0172, KL: 6.8377)
2025-10-02 15:50:21,189 - __main__ - INFO - Epoch 33: Train Loss = 0.3448 (Recon: 0.0183, KL: 32.6487)
2025-10-02 15:50:21,344 - __main__ - INFO - Epoch 33: Val Loss = 0.0863 (Recon: 0.0171, KL: 6.9183)
2025-10-02 15:50:21,704 - __main__ - INFO - Epoch 34: Train Loss = 0.3448 (Recon: 0.0180, KL: 32.6887)
2025-10-02 15:50:21,854 - __main__ - INFO - Epoch 34: Val Loss = 0.0857 (Recon: 0.0168, KL: 6.8914)
2025-10-02 15:50:22,175 - __main__ - INFO - Epoch 35: Train Loss = 0.3370 (Recon: 0.0181, KL: 31.8912)
2025-10-02 15:50:22,319 - __main__ - INFO - Epoch 35: Val Loss = 0.0851 (Recon: 0.0168, KL: 6.8313)
2025-10-02 15:50:22,823 - __main__ - INFO - Epoch 36: Train Loss = 0.3367 (Recon: 0.0178, KL: 31.8917)
2025-10-02 15:50:22,962 - __main__ - INFO - Epoch 36: Val Loss = 0.0852 (Recon: 0.0167, KL: 6.8521)
2025-10-02 15:50:23,362 - __main__ - INFO - Epoch 37: Train Loss = 0.3302 (Recon: 0.0179, KL: 31.2357)
2025-10-02 15:50:23,498 - __main__ - INFO - Epoch 37: Val Loss = 0.0849 (Recon: 0.0167, KL: 6.8168)
2025-10-02 15:50:23,928 - __main__ - INFO - Epoch 38: Train Loss = 0.3237 (Recon: 0.0177, KL: 30.6027)
2025-10-02 15:50:24,065 - __main__ - INFO - Epoch 38: Val Loss = 0.0846 (Recon: 0.0164, KL: 6.8149)
2025-10-02 15:50:24,480 - __main__ - INFO - Epoch 39: Train Loss = 0.3261 (Recon: 0.0174, KL: 30.8752)
2025-10-02 15:50:24,625 - __main__ - INFO - Epoch 39: Val Loss = 0.0844 (Recon: 0.0165, KL: 6.7851)
2025-10-02 15:50:25,044 - __main__ - INFO - Epoch 40: Train Loss = 0.3219 (Recon: 0.0175, KL: 30.4388)
2025-10-02 15:50:25,179 - __main__ - INFO - Epoch 40: Val Loss = 0.0838 (Recon: 0.0169, KL: 6.6962)
2025-10-02 15:50:40,350 - __main__ - INFO - Epoch 41: Train Loss = 0.3206 (Recon: 0.0175, KL: 30.3129)
2025-10-02 15:50:40,495 - __main__ - INFO - Epoch 41: Val Loss = 0.0832 (Recon: 0.0165, KL: 6.6685)
2025-10-02 15:50:40,862 - __main__ - INFO - Epoch 42: Train Loss = 0.3095 (Recon: 0.0174, KL: 29.2119)
2025-10-02 15:50:41,004 - __main__ - INFO - Epoch 42: Val Loss = 0.0831 (Recon: 0.0167, KL: 6.6384)
2025-10-02 15:50:41,391 - __main__ - INFO - Epoch 43: Train Loss = 0.3089 (Recon: 0.0175, KL: 29.1406)
2025-10-02 15:50:41,528 - __main__ - INFO - Epoch 43: Val Loss = 0.0825 (Recon: 0.0167, KL: 6.5873)
2025-10-02 15:50:41,883 - __main__ - INFO - Epoch 44: Train Loss = 0.3012 (Recon: 0.0174, KL: 28.3823)
2025-10-02 15:50:42,025 - __main__ - INFO - Epoch 44: Val Loss = 0.0828 (Recon: 0.0163, KL: 6.6431)
2025-10-02 15:50:42,373 - __main__ - INFO - Epoch 45: Train Loss = 0.3018 (Recon: 0.0173, KL: 28.4414)
2025-10-02 15:50:42,510 - __main__ - INFO - Epoch 45: Val Loss = 0.0823 (Recon: 0.0166, KL: 6.5778)
2025-10-02 15:50:42,892 - __main__ - INFO - Epoch 46: Train Loss = 0.2931 (Recon: 0.0172, KL: 27.5894)
2025-10-02 15:50:43,031 - __main__ - INFO - Epoch 46: Val Loss = 0.0816 (Recon: 0.0163, KL: 6.5368)
2025-10-02 15:50:43,500 - __main__ - INFO - Epoch 47: Train Loss = 0.2955 (Recon: 0.0172, KL: 27.8356)
2025-10-02 15:50:43,664 - __main__ - INFO - Epoch 47: Val Loss = 0.0819 (Recon: 0.0165, KL: 6.5404)
2025-10-02 15:50:44,019 - __main__ - INFO - Epoch 48: Train Loss = 0.2962 (Recon: 0.0170, KL: 27.9240)
2025-10-02 15:50:44,158 - __main__ - INFO - Epoch 48: Val Loss = 0.0818 (Recon: 0.0163, KL: 6.5559)
2025-10-02 15:50:44,484 - __main__ - INFO - Epoch 49: Train Loss = 0.2915 (Recon: 0.0171, KL: 27.4380)
2025-10-02 15:50:44,625 - __main__ - INFO - Epoch 49: Val Loss = 0.0819 (Recon: 0.0160, KL: 6.5899)
2025-10-02 15:50:44,914 - __main__ - INFO - Epoch 50: Train Loss = 0.2863 (Recon: 0.0169, KL: 26.9404)
2025-10-02 15:50:45,051 - __main__ - INFO - Epoch 50: Val Loss = 0.0822 (Recon: 0.0163, KL: 6.5908)
2025-10-02 15:51:00,374 - __main__ - INFO - Epoch 51: Train Loss = 0.2856 (Recon: 0.0170, KL: 26.8592)
2025-10-02 15:51:00,532 - __main__ - INFO - Epoch 51: Val Loss = 0.0824 (Recon: 0.0165, KL: 6.5887)
2025-10-02 15:51:00,928 - __main__ - INFO - Epoch 52: Train Loss = 0.2832 (Recon: 0.0169, KL: 26.6321)
2025-10-02 15:51:01,171 - __main__ - INFO - Epoch 52: Val Loss = 0.0817 (Recon: 0.0160, KL: 6.5694)
2025-10-02 15:51:01,698 - __main__ - INFO - Epoch 53: Train Loss = 0.2837 (Recon: 0.0166, KL: 26.7064)
2025-10-02 15:51:01,847 - __main__ - INFO - Epoch 53: Val Loss = 0.0813 (Recon: 0.0162, KL: 6.5188)
2025-10-02 15:51:02,301 - __main__ - INFO - Epoch 54: Train Loss = 0.2757 (Recon: 0.0169, KL: 25.8844)
2025-10-02 15:51:02,482 - __main__ - INFO - Epoch 54: Val Loss = 0.0803 (Recon: 0.0157, KL: 6.4638)
2025-10-02 15:51:02,920 - __main__ - INFO - Epoch 55: Train Loss = 0.2780 (Recon: 0.0167, KL: 26.1322)
2025-10-02 15:51:03,108 - __main__ - INFO - Epoch 55: Val Loss = 0.0804 (Recon: 0.0162, KL: 6.4172)
2025-10-02 15:51:03,661 - __main__ - INFO - Epoch 56: Train Loss = 0.2731 (Recon: 0.0167, KL: 25.6418)
2025-10-02 15:51:03,800 - __main__ - INFO - Epoch 56: Val Loss = 0.0801 (Recon: 0.0161, KL: 6.4066)
2025-10-02 15:51:04,236 - __main__ - INFO - Epoch 57: Train Loss = 0.2681 (Recon: 0.0164, KL: 25.1675)
2025-10-02 15:51:04,364 - __main__ - INFO - Epoch 57: Val Loss = 0.0793 (Recon: 0.0158, KL: 6.3567)
2025-10-02 15:51:04,793 - __main__ - INFO - Epoch 58: Train Loss = 0.2662 (Recon: 0.0166, KL: 24.9674)
2025-10-02 15:51:04,932 - __main__ - INFO - Epoch 58: Val Loss = 0.0796 (Recon: 0.0159, KL: 6.3620)
2025-10-02 15:51:05,316 - __main__ - INFO - Epoch 59: Train Loss = 0.2606 (Recon: 0.0167, KL: 24.3896)
2025-10-02 15:51:05,457 - __main__ - INFO - Epoch 59: Val Loss = 0.0791 (Recon: 0.0160, KL: 6.3145)
2025-10-02 15:51:05,670 - __main__ - INFO - Epoch 60: Train Loss = 0.2604 (Recon: 0.0165, KL: 24.3950)
2025-10-02 15:51:05,810 - __main__ - INFO - Epoch 60: Val Loss = 0.0787 (Recon: 0.0158, KL: 6.2967)
